2022-03-13 00:54:26.235  INFO 21788 --- [main] lavalink.server.Launcher                 : 

[32m       .  [31m _                  _ _       _    [32m__ _ _
[32m      /\\ [31m| | __ ___   ____ _| (_)_ __ | | __[32m\ \ \ \
[32m     ( ( )[31m| |/ _` \ \ / / _` | | | '_ \| |/ /[32m \ \ \ \
[32m      \\/ [31m| | (_| |\ V / (_| | | | | | |   < [32m  ) ) ) )
[32m       '  [31m|_|\__,_| \_/ \__,_|_|_|_| |_|_|\_\[32m / / / /
[0m    =========================================[32m/_/_/_/[0m

	Version:        eec629def799086d30e7df25f03c398d64357783-SNAPSHOT
	Build:          1342
	Build time:     22.02.2022 11:17:22 UTC
	Branch          master
	Commit:         eec629d
	Commit time:    22.02.2022 11:14:41 UTC
	JVM:            11.0.12
	Lavaplayer      1.3.96-original

2022-03-13 00:54:26.286  INFO 21788 --- [main] lavalink.server.Launcher                 : Starting Launcher on DESKTOP-KRED602 with PID 21788 (D:\Users\Andrew\source\repos\discord-tts\DiscordTTS\bin\Debug\net6.0\lavalink\Lavalink.jar started by Andrew in D:\Users\Andrew\source\repos\discord-tts\DiscordTTS\bin\Debug\net6.0\lavalink)
2022-03-13 00:54:26.286  INFO 21788 --- [main] lavalink.server.Launcher                 : No active profile set, falling back to default profiles: default
2022-03-13 00:54:26.338  WARN 21788 --- [background-preinit] o.s.h.c.j.Jackson2ObjectMapperBuilder    : For Jackson Kotlin classes support please add "com.fasterxml.jackson.module:jackson-module-kotlin" to the classpath
2022-03-13 00:54:26.953  WARN 21788 --- [main] io.undertow.websockets.jsr               : UT026010: Buffer pool was not set on WebSocketDeploymentInfo, the default pool will be used
2022-03-13 00:54:26.968  INFO 21788 --- [main] io.undertow.servlet                      : Initializing Spring embedded WebApplicationContext
2022-03-13 00:54:26.968  INFO 21788 --- [main] o.s.web.context.ContextLoader            : Root WebApplicationContext: initialization completed in 657 ms
2022-03-13 00:54:27.169  WARN 21788 --- [main] l.server.config.SentryConfiguration      : Turning off sentry
2022-03-13 00:54:27.349  INFO 21788 --- [main] c.s.d.l.tools.GarbageCollectionMonitor   : GC monitoring enabled, reporting results every 2 minutes.
2022-03-13 00:54:27.457  INFO 21788 --- [main] lavalink.server.config.KoeConfiguration  : OS: Windows 10, Arch: amd64
2022-03-13 00:54:27.458  WARN 21788 --- [main] lavalink.server.config.KoeConfiguration  : This system and architecture appears to not support native audio sending! GC pauses may cause your bot to stutter during playback.
2022-03-13 00:54:27.581  INFO 21788 --- [main] o.s.s.concurrent.ThreadPoolTaskExecutor  : Initializing ExecutorService 'applicationTaskExecutor'
2022-03-13 00:54:27.775  INFO 21788 --- [main] org.xnio                                 : XNIO version 3.3.8.Final
2022-03-13 00:54:27.781  INFO 21788 --- [main] org.xnio.nio                             : XNIO NIO Implementation Version 3.3.8.Final
2022-03-13 00:54:27.824  INFO 21788 --- [main] o.s.b.w.e.u.UndertowServletWebServer     : Undertow started on port(s) 2333 (http) with context path ''
2022-03-13 00:54:27.828  INFO 21788 --- [main] lavalink.server.Launcher                 : Started Launcher in 1.882 seconds (JVM running for 2.193)
2022-03-13 00:54:27.829  INFO 21788 --- [main] lavalink.server.Launcher                 : You can safely ignore the big red warning about illegal reflection. See https://github.com/freyacodes/Lavalink/issues/295
2022-03-13 00:54:52.042  INFO 21788 --- [XNIO-1 task-1] io.undertow.servlet                      : Initializing Spring DispatcherServlet 'dispatcherServlet'
2022-03-13 00:54:52.042  INFO 21788 --- [XNIO-1 task-1] o.s.web.servlet.DispatcherServlet        : Initializing Servlet 'dispatcherServlet'
2022-03-13 00:54:52.047  INFO 21788 --- [XNIO-1 task-1] o.s.web.servlet.DispatcherServlet        : Completed initialization in 4 ms
2022-03-13 00:54:52.059  INFO 21788 --- [XNIO-1 task-1] l.server.io.HandshakeInterceptorImpl     : Incoming connection from /127.0.0.1:58442
2022-03-13 00:54:52.100  INFO 21788 --- [XNIO-1 task-1] lavalink.server.io.SocketServer          : Connection successfully established from Victoria/5.2.7.0
2022-03-13 00:55:08.180  INFO 21788 --- [XNIO-1 I/O-6] lavalink.server.io.SocketServer          : {"guildId":"176332401515954176","sessionId":"6d4e47e81a50584b5db950980597268b","event":{"token":"19e16cb05f5b1950","endpoint":"us-east3435.discord.media:443"},"op":"voiceUpdate"}
2022-03-13 00:55:21.113  INFO 21788 --- [XNIO-1 I/O-6] lavalink.server.io.SocketServer          : Connection closed from /127.0.0.1:58442 -- CloseStatus[code=1006, reason=]
2022-03-13 00:55:21.113  INFO 21788 --- [XNIO-1 I/O-6] lavalink.server.io.SocketContext         : Shutting down 0 playing players.
2022-03-13 00:58:53.588  INFO 21788 --- [XNIO-1 task-2] l.server.io.HandshakeInterceptorImpl     : Incoming connection from /127.0.0.1:58462
2022-03-13 00:58:53.590  INFO 21788 --- [XNIO-1 task-2] lavalink.server.io.SocketServer          : Connection successfully established from Victoria/5.2.7.0
2022-03-13 00:58:57.825  INFO 21788 --- [XNIO-1 I/O-10] lavalink.server.io.SocketServer          : {"guildId":"176332401515954176","sessionId":"694d8e8c5740e82ca681650337f6a57a","event":{"token":"2b82ded242605df1","endpoint":"us-east3435.discord.media:443"},"op":"voiceUpdate"}
2022-03-13 00:59:00.887  INFO 21788 --- [XNIO-1 task-3] l.server.player.AudioLoaderRestHandler   : Got request to load for identifier "sounds/sus.mp3"
2022-03-13 00:59:00.889  INFO 21788 --- [lava-daemon-pool-info-loader-2-thread-1] lavalink.server.player.AudioLoader       : No matches found
2022-03-13 00:59:15.120  INFO 21788 --- [XNIO-1 I/O-10] lavalink.server.io.SocketServer          : Connection closed from /127.0.0.1:58462 -- CloseStatus[code=1006, reason=]
2022-03-13 00:59:15.120  INFO 21788 --- [XNIO-1 I/O-10] lavalink.server.io.SocketContext         : Shutting down 0 playing players.
2022-03-13 01:04:11.716  INFO 21788 --- [Thread-1] o.s.s.concurrent.ThreadPoolTaskExecutor  : Shutting down ExecutorService 'applicationTaskExecutor'
2022-03-13 01:04:11.716  INFO 21788 --- [Thread-1] c.s.d.l.tools.GarbageCollectionMonitor   : GC monitoring disabled.
2022-03-13 01:04:11.718  INFO 21788 --- [Thread-1] io.undertow.servlet                      : Destroying Spring FrameworkServlet 'dispatcherServlet'
2022-03-13 01:04:53.596  INFO 24776 --- [main] lavalink.server.Launcher                 : 

[32m       .  [31m _                  _ _       _    [32m__ _ _
[32m      /\\ [31m| | __ ___   ____ _| (_)_ __ | | __[32m\ \ \ \
[32m     ( ( )[31m| |/ _` \ \ / / _` | | | '_ \| |/ /[32m \ \ \ \
[32m      \\/ [31m| | (_| |\ V / (_| | | | | | |   < [32m  ) ) ) )
[32m       '  [31m|_|\__,_| \_/ \__,_|_|_|_| |_|_|\_\[32m / / / /
[0m    =========================================[32m/_/_/_/[0m

	Version:        eec629def799086d30e7df25f03c398d64357783-SNAPSHOT
	Build:          1342
	Build time:     22.02.2022 11:17:22 UTC
	Branch          master
	Commit:         eec629d
	Commit time:    22.02.2022 11:14:41 UTC
	JVM:            11.0.12
	Lavaplayer      1.3.96-original

2022-03-13 01:04:53.650  INFO 24776 --- [main] lavalink.server.Launcher                 : Starting Launcher on DESKTOP-KRED602 with PID 24776 (D:\Users\Andrew\source\repos\discord-tts\DiscordTTS\bin\Debug\net6.0\lavalink\Lavalink.jar started by Andrew in D:\Users\Andrew\source\repos\discord-tts\DiscordTTS\bin\Debug\net6.0\lavalink)
2022-03-13 01:04:53.650  INFO 24776 --- [main] lavalink.server.Launcher                 : No active profile set, falling back to default profiles: default
2022-03-13 01:04:53.707  WARN 24776 --- [background-preinit] o.s.h.c.j.Jackson2ObjectMapperBuilder    : For Jackson Kotlin classes support please add "com.fasterxml.jackson.module:jackson-module-kotlin" to the classpath
2022-03-13 01:04:54.314  WARN 24776 --- [main] io.undertow.websockets.jsr               : UT026010: Buffer pool was not set on WebSocketDeploymentInfo, the default pool will be used
2022-03-13 01:04:54.327  INFO 24776 --- [main] io.undertow.servlet                      : Initializing Spring embedded WebApplicationContext
2022-03-13 01:04:54.328  INFO 24776 --- [main] o.s.web.context.ContextLoader            : Root WebApplicationContext: initialization completed in 653 ms
2022-03-13 01:04:54.533  WARN 24776 --- [main] l.server.config.SentryConfiguration      : Turning off sentry
2022-03-13 01:04:54.690  INFO 24776 --- [main] c.s.d.l.tools.GarbageCollectionMonitor   : GC monitoring enabled, reporting results every 2 minutes.
2022-03-13 01:04:54.790  INFO 24776 --- [main] lavalink.server.config.KoeConfiguration  : OS: Windows 10, Arch: amd64
2022-03-13 01:04:54.790  WARN 24776 --- [main] lavalink.server.config.KoeConfiguration  : This system and architecture appears to not support native audio sending! GC pauses may cause your bot to stutter during playback.
2022-03-13 01:04:54.903  INFO 24776 --- [main] o.s.s.concurrent.ThreadPoolTaskExecutor  : Initializing ExecutorService 'applicationTaskExecutor'
2022-03-13 01:04:55.075  INFO 24776 --- [main] org.xnio                                 : XNIO version 3.3.8.Final
2022-03-13 01:04:55.081  INFO 24776 --- [main] org.xnio.nio                             : XNIO NIO Implementation Version 3.3.8.Final
2022-03-13 01:04:55.115  INFO 24776 --- [main] o.s.b.w.e.u.UndertowServletWebServer     : Undertow started on port(s) 2333 (http) with context path ''
2022-03-13 01:04:55.117  INFO 24776 --- [main] lavalink.server.Launcher                 : Started Launcher in 1.806 seconds (JVM running for 2.096)
2022-03-13 01:04:55.118  INFO 24776 --- [main] lavalink.server.Launcher                 : You can safely ignore the big red warning about illegal reflection. See https://github.com/freyacodes/Lavalink/issues/295
2022-03-13 01:05:05.142  INFO 24776 --- [XNIO-1 task-1] io.undertow.servlet                      : Initializing Spring DispatcherServlet 'dispatcherServlet'
2022-03-13 01:05:05.143  INFO 24776 --- [XNIO-1 task-1] o.s.web.servlet.DispatcherServlet        : Initializing Servlet 'dispatcherServlet'
2022-03-13 01:05:05.148  INFO 24776 --- [XNIO-1 task-1] o.s.web.servlet.DispatcherServlet        : Completed initialization in 4 ms
2022-03-13 01:05:05.161  INFO 24776 --- [XNIO-1 task-1] l.server.io.HandshakeInterceptorImpl     : Incoming connection from /127.0.0.1:58606
2022-03-13 01:05:05.199  INFO 24776 --- [XNIO-1 task-1] lavalink.server.io.SocketServer          : Connection successfully established from Victoria/5.2.7.0
2022-03-13 01:05:07.436  INFO 24776 --- [XNIO-1 I/O-10] lavalink.server.io.SocketServer          : {"guildId":"176332401515954176","sessionId":"fb3733c254809b54f1e7912f30c3b023","event":{"token":"ef4b4639ffc43636","endpoint":"us-east3435.discord.media:443"},"op":"voiceUpdate"}
2022-03-13 01:05:08.725  INFO 24776 --- [XNIO-1 task-2] l.server.player.AudioLoaderRestHandler   : Got request to load for identifier "sounds/sus.mp3"
2022-03-13 01:05:08.727  INFO 24776 --- [lava-daemon-pool-info-loader-2-thread-1] lavalink.server.player.AudioLoader       : No matches found
2022-03-13 01:05:29.286  INFO 24776 --- [XNIO-1 task-4] l.server.player.AudioLoaderRestHandler   : Got request to load for identifier "sounds/sus.mp3"
2022-03-13 01:05:29.292  INFO 24776 --- [lava-daemon-pool-info-loader-2-thread-1] c.s.l.c.natives.NativeLibraryLoader      : Native library libmpg123-0: loading with filter com.sedmelluq.discord.lavaplayer.natives.ConnectorNativeLibLoader$$Lambda$594/0x000000080079b040@2a97bab7
2022-03-13 01:05:29.299  INFO 24776 --- [lava-daemon-pool-info-loader-2-thread-1] c.s.l.c.natives.NativeLibraryLoader      : Native library libmpg123-0: successfully loaded.
2022-03-13 01:05:29.299  INFO 24776 --- [lava-daemon-pool-info-loader-2-thread-1] c.s.l.c.natives.NativeLibraryLoader      : Native library connector: loading with filter null
2022-03-13 01:05:29.316  INFO 24776 --- [lava-daemon-pool-info-loader-2-thread-1] c.s.l.c.natives.NativeLibraryLoader      : Native library connector: successfully loaded.
2022-03-13 01:05:29.320  INFO 24776 --- [lava-daemon-pool-info-loader-2-thread-1] lavalink.server.player.AudioLoader       : Loaded track Unknown title
2022-03-13 01:05:33.652  INFO 24776 --- [XNIO-1 I/O-10] lavalink.server.io.SocketServer          : {"track":"QAAAXgIADVVua25vd24gdGl0bGUADlVua25vd24gYXJ0aXN0AAAAAAAAEg8ADnNvdW5kcy9zdXMubXAzAAEADnNvdW5kcy9zdXMubXAzAAVsb2NhbAADbXAzAAAAAAAAAAA=","guildId":"176332401515954176","op":"play"}
2022-03-13 01:05:41.726  INFO 24776 --- [XNIO-1 task-6] l.server.player.AudioLoaderRestHandler   : Got request to load for identifier "sounds/quack.mp3"
2022-03-13 01:05:41.728  INFO 24776 --- [lava-daemon-pool-info-loader-2-thread-1] lavalink.server.player.AudioLoader       : Loaded track Unknown title
2022-03-13 01:05:41.927  INFO 24776 --- [XNIO-1 I/O-10] lavalink.server.io.SocketServer          : {"track":"QAAAYgIADVVua25vd24gdGl0bGUADlVua25vd24gYXJ0aXN0AAAAAAAAA0MAEHNvdW5kcy9xdWFjay5tcDMAAQAQc291bmRzL3F1YWNrLm1wMwAFbG9jYWwAA21wMwAAAAAAAAAA","guildId":"176332401515954176","op":"play"}
2022-03-13 01:05:45.785  INFO 24776 --- [XNIO-1 task-8] l.server.player.AudioLoaderRestHandler   : Got request to load for identifier "sounds/homu.mp3"
2022-03-13 01:05:45.786  INFO 24776 --- [lava-daemon-pool-info-loader-2-thread-1] lavalink.server.player.AudioLoader       : Loaded track Unknown title
2022-03-13 01:05:46.165  INFO 24776 --- [XNIO-1 I/O-10] lavalink.server.io.SocketServer          : {"track":"QAAAYAIADVVua25vd24gdGl0bGUADlVua25vd24gYXJ0aXN0AAAAAAAAAqcAD3NvdW5kcy9ob211Lm1wMwABAA9zb3VuZHMvaG9tdS5tcDMABWxvY2FsAANtcDMAAAAAAAAAAA==","guildId":"176332401515954176","op":"play"}
2022-03-13 01:07:58.964  INFO 24776 --- [XNIO-1 task-10] l.server.player.AudioLoaderRestHandler   : Got request to load for identifier "sounds/quack.mp3"
2022-03-13 01:07:58.965  INFO 24776 --- [lava-daemon-pool-info-loader-2-thread-1] lavalink.server.player.AudioLoader       : Loaded track Unknown title
2022-03-13 01:08:20.074  INFO 24776 --- [XNIO-1 I/O-10] lavalink.server.io.SocketServer          : Connection closed from /127.0.0.1:58606 -- CloseStatus[code=1006, reason=]
2022-03-13 01:08:20.074  INFO 24776 --- [XNIO-1 I/O-10] lavalink.server.io.SocketContext         : Shutting down 0 playing players.
2022-03-13 01:10:54.219  INFO 24776 --- [XNIO-1 task-12] l.server.io.HandshakeInterceptorImpl     : Incoming connection from /127.0.0.1:53942
2022-03-13 01:10:54.221  INFO 24776 --- [XNIO-1 task-12] lavalink.server.io.SocketServer          : Connection successfully established from Victoria/5.2.7.0
2022-03-13 01:10:57.874  INFO 24776 --- [XNIO-1 I/O-2] lavalink.server.io.SocketServer          : {"guildId":"176332401515954176","sessionId":"07aa1f460d761058277d11b9de2bf8cf","event":{"token":"8de7f5538e2a50f3","endpoint":"us-east3435.discord.media:443"},"op":"voiceUpdate"}
2022-03-13 01:11:05.603  INFO 24776 --- [XNIO-1 task-13] l.server.player.AudioLoaderRestHandler   : Got request to load for identifier "https://api.streamelements.com/kappa/v2/speech?voice=Amy"
2022-03-13 01:11:05.835 ERROR 24776 --- [lava-daemon-pool-info-loader-2-thread-1] lavalink.server.player.AudioLoader       : Load failed

com.sedmelluq.discord.lavaplayer.tools.FriendlyException: That URL is not playable.
	at com.sedmelluq.discord.lavaplayer.source.http.HttpAudioSourceManager.detectContainerWithClient(HttpAudioSourceManager.java:138) ~[lavaplayer-fork-1.3.96.jar!/:na]
	at com.sedmelluq.discord.lavaplayer.source.http.HttpAudioSourceManager.detectContainer(HttpAudioSourceManager.java:120) ~[lavaplayer-fork-1.3.96.jar!/:na]
	at com.sedmelluq.discord.lavaplayer.source.http.HttpAudioSourceManager.loadItem(HttpAudioSourceManager.java:81) ~[lavaplayer-fork-1.3.96.jar!/:na]
	at com.sedmelluq.discord.lavaplayer.player.DefaultAudioPlayerManager.checkSourcesForItemOnce(DefaultAudioPlayerManager.java:436) ~[lavaplayer-fork-1.3.96.jar!/:na]
	at com.sedmelluq.discord.lavaplayer.player.DefaultAudioPlayerManager.checkSourcesForItem(DefaultAudioPlayerManager.java:418) ~[lavaplayer-fork-1.3.96.jar!/:na]
	at com.sedmelluq.discord.lavaplayer.player.DefaultAudioPlayerManager.lambda$createItemLoader$0(DefaultAudioPlayerManager.java:217) ~[lavaplayer-fork-1.3.96.jar!/:na]
	at java.base/java.util.concurrent.FutureTask.run(FutureTask.java:264) ~[na:na]
	at java.base/java.util.concurrent.ThreadPoolExecutor.runWorker(ThreadPoolExecutor.java:1128) ~[na:na]
	at java.base/java.util.concurrent.ThreadPoolExecutor$Worker.run(ThreadPoolExecutor.java:628) ~[na:na]
	at java.base/java.lang.Thread.run(Thread.java:829) ~[na:na]
	Suppressed: com.sedmelluq.discord.lavaplayer.tools.exception.EnvironmentInformation: 
  lavaplayer.version: 1.3.96-original
  os.arch: amd64
  os.name: Windows 10
  os.version: 10.0
  java.vendor: Microsoft
  java.version: 11.0.12
  java.runtime.version: 11.0.12+7
  java.vm.version: 11.0.12+7
Caused by: java.lang.IllegalStateException: Status code 400
	... 10 common frames omitted

2022-03-13 01:11:05.836 ERROR 24776 --- [lava-daemon-pool-info-loader-2-thread-1] l.server.player.AudioLoaderRestHandler   : Track loading failed

com.sedmelluq.discord.lavaplayer.tools.FriendlyException: That URL is not playable.
	at com.sedmelluq.discord.lavaplayer.source.http.HttpAudioSourceManager.detectContainerWithClient(HttpAudioSourceManager.java:138) ~[lavaplayer-fork-1.3.96.jar!/:na]
	at com.sedmelluq.discord.lavaplayer.source.http.HttpAudioSourceManager.detectContainer(HttpAudioSourceManager.java:120) ~[lavaplayer-fork-1.3.96.jar!/:na]
	at com.sedmelluq.discord.lavaplayer.source.http.HttpAudioSourceManager.loadItem(HttpAudioSourceManager.java:81) ~[lavaplayer-fork-1.3.96.jar!/:na]
	at com.sedmelluq.discord.lavaplayer.player.DefaultAudioPlayerManager.checkSourcesForItemOnce(DefaultAudioPlayerManager.java:436) ~[lavaplayer-fork-1.3.96.jar!/:na]
	at com.sedmelluq.discord.lavaplayer.player.DefaultAudioPlayerManager.checkSourcesForItem(DefaultAudioPlayerManager.java:418) ~[lavaplayer-fork-1.3.96.jar!/:na]
	at com.sedmelluq.discord.lavaplayer.player.DefaultAudioPlayerManager.lambda$createItemLoader$0(DefaultAudioPlayerManager.java:217) ~[lavaplayer-fork-1.3.96.jar!/:na]
	at java.base/java.util.concurrent.FutureTask.run(FutureTask.java:264) ~[na:na]
	at java.base/java.util.concurrent.ThreadPoolExecutor.runWorker(ThreadPoolExecutor.java:1128) ~[na:na]
	at java.base/java.util.concurrent.ThreadPoolExecutor$Worker.run(ThreadPoolExecutor.java:628) ~[na:na]
	at java.base/java.lang.Thread.run(Thread.java:829) ~[na:na]
	Suppressed: com.sedmelluq.discord.lavaplayer.tools.exception.EnvironmentInformation: 
  lavaplayer.version: 1.3.96-original
  os.arch: amd64
  os.name: Windows 10
  os.version: 10.0
  java.vendor: Microsoft
  java.version: 11.0.12
  java.runtime.version: 11.0.12+7
  java.vm.version: 11.0.12+7
Caused by: java.lang.IllegalStateException: Status code 400
	... 10 common frames omitted

2022-03-13 01:11:19.292  INFO 24776 --- [XNIO-1 I/O-2] lavalink.server.io.SocketServer          : Connection closed from /127.0.0.1:53942 -- CloseStatus[code=1006, reason=]
2022-03-13 01:11:19.292  INFO 24776 --- [XNIO-1 I/O-2] lavalink.server.io.SocketContext         : Shutting down 0 playing players.
2022-03-13 01:12:23.075  INFO 24776 --- [XNIO-1 task-15] l.server.io.HandshakeInterceptorImpl     : Incoming connection from /127.0.0.1:53988
2022-03-13 01:12:23.078  INFO 24776 --- [XNIO-1 task-15] lavalink.server.io.SocketServer          : Connection successfully established from Victoria/5.2.7.0
2022-03-13 01:12:51.845  INFO 24776 --- [XNIO-1 I/O-16] lavalink.server.io.SocketServer          : {"guildId":"176332401515954176","sessionId":"43c15954873ae954c757b80b1191c2f5","event":{"token":"8de7f5538e2a50f3","endpoint":"us-east3435.discord.media:443"},"op":"voiceUpdate"}
2022-03-13 01:12:58.861  INFO 24776 --- [XNIO-1 task-16] l.server.player.AudioLoaderRestHandler   : Got request to load for identifier "https://www.youtube.com/watch?v=Qi1KebO4bzc"
2022-03-13 01:12:59.275  INFO 24776 --- [lava-daemon-pool-info-loader-2-thread-1] lavalink.server.player.AudioLoader       : Loaded track Reverb fart sound effect
2022-03-13 01:13:05.577  INFO 24776 --- [XNIO-1 I/O-16] lavalink.server.io.SocketServer          : {"track":"QAAAfgIAGFJldmVyYiBmYXJ0IHNvdW5kIGVmZmVjdAAMRGFuS01lbG9uNjU3AAAAAAAAG1gAC1FpMUtlYk80YnpjAAEAK2h0dHBzOi8vd3d3LnlvdXR1YmUuY29tL3dhdGNoP3Y9UWkxS2ViTzRiemMAB3lvdXR1YmUAAAAAAAAAAA==","guildId":"176332401515954176","op":"play"}
2022-03-13 01:14:32.908  INFO 24776 --- [XNIO-1 I/O-16] lavalink.server.io.SocketServer          : Connection closed from /127.0.0.1:53988 -- CloseStatus[code=1006, reason=]
2022-03-13 01:14:32.908  INFO 24776 --- [XNIO-1 I/O-16] lavalink.server.io.SocketContext         : Shutting down 0 playing players.
2022-03-13 11:34:03.286  INFO 23180 --- [main] lavalink.server.Launcher                 : 

[32m       .  [31m _                  _ _       _    [32m__ _ _
[32m      /\\ [31m| | __ ___   ____ _| (_)_ __ | | __[32m\ \ \ \
[32m     ( ( )[31m| |/ _` \ \ / / _` | | | '_ \| |/ /[32m \ \ \ \
[32m      \\/ [31m| | (_| |\ V / (_| | | | | | |   < [32m  ) ) ) )
[32m       '  [31m|_|\__,_| \_/ \__,_|_|_|_| |_|_|\_\[32m / / / /
[0m    =========================================[32m/_/_/_/[0m

	Version:        eec629def799086d30e7df25f03c398d64357783-SNAPSHOT
	Build:          1342
	Build time:     22.02.2022 11:17:22 UTC
	Branch          master
	Commit:         eec629d
	Commit time:    22.02.2022 11:14:41 UTC
	JVM:            11.0.12
	Lavaplayer      1.3.96-original

2022-03-13 11:34:03.344  INFO 23180 --- [main] lavalink.server.Launcher                 : Starting Launcher on DESKTOP-KRED602 with PID 23180 (D:\Users\Andrew\source\repos\discord-tts\DiscordTTS\bin\Debug\net6.0\lavalink\Lavalink.jar started by Andrew in D:\Users\Andrew\source\repos\discord-tts\DiscordTTS\bin\Debug\net6.0\lavalink)
2022-03-13 11:34:03.345  INFO 23180 --- [main] lavalink.server.Launcher                 : No active profile set, falling back to default profiles: default
2022-03-13 11:34:03.398  WARN 23180 --- [background-preinit] o.s.h.c.j.Jackson2ObjectMapperBuilder    : For Jackson Kotlin classes support please add "com.fasterxml.jackson.module:jackson-module-kotlin" to the classpath
2022-03-13 11:34:04.011  WARN 23180 --- [main] io.undertow.websockets.jsr               : UT026010: Buffer pool was not set on WebSocketDeploymentInfo, the default pool will be used
2022-03-13 11:34:04.028  INFO 23180 --- [main] io.undertow.servlet                      : Initializing Spring embedded WebApplicationContext
2022-03-13 11:34:04.029  INFO 23180 --- [main] o.s.web.context.ContextLoader            : Root WebApplicationContext: initialization completed in 660 ms
2022-03-13 11:34:04.268  WARN 23180 --- [main] l.server.config.SentryConfiguration      : Turning off sentry
2022-03-13 11:34:04.458  INFO 23180 --- [main] c.s.d.l.tools.GarbageCollectionMonitor   : GC monitoring enabled, reporting results every 2 minutes.
2022-03-13 11:34:04.579  INFO 23180 --- [main] lavalink.server.config.KoeConfiguration  : OS: Windows 10, Arch: amd64
2022-03-13 11:34:04.579  WARN 23180 --- [main] lavalink.server.config.KoeConfiguration  : This system and architecture appears to not support native audio sending! GC pauses may cause your bot to stutter during playback.
2022-03-13 11:34:04.702  INFO 23180 --- [main] o.s.s.concurrent.ThreadPoolTaskExecutor  : Initializing ExecutorService 'applicationTaskExecutor'
2022-03-13 11:34:04.886  INFO 23180 --- [main] org.xnio                                 : XNIO version 3.3.8.Final
2022-03-13 11:34:04.893  INFO 23180 --- [main] org.xnio.nio                             : XNIO NIO Implementation Version 3.3.8.Final
2022-03-13 11:34:04.930  INFO 23180 --- [main] o.s.b.w.e.u.UndertowServletWebServer     : Undertow started on port(s) 2333 (http) with context path ''
2022-03-13 11:34:04.933  INFO 23180 --- [main] lavalink.server.Launcher                 : Started Launcher in 1.923 seconds (JVM running for 2.21)
2022-03-13 11:34:04.935  INFO 23180 --- [main] lavalink.server.Launcher                 : You can safely ignore the big red warning about illegal reflection. See https://github.com/freyacodes/Lavalink/issues/295
2022-03-13 11:34:13.030  INFO 23180 --- [XNIO-1 task-1] io.undertow.servlet                      : Initializing Spring DispatcherServlet 'dispatcherServlet'
2022-03-13 11:34:13.031  INFO 23180 --- [XNIO-1 task-1] o.s.web.servlet.DispatcherServlet        : Initializing Servlet 'dispatcherServlet'
2022-03-13 11:34:13.035  INFO 23180 --- [XNIO-1 task-1] o.s.web.servlet.DispatcherServlet        : Completed initialization in 4 ms
2022-03-13 11:34:13.050  INFO 23180 --- [XNIO-1 task-1] l.server.io.HandshakeInterceptorImpl     : Incoming connection from /127.0.0.1:57878
2022-03-13 11:34:13.097  INFO 23180 --- [XNIO-1 task-1] lavalink.server.io.SocketServer          : Connection successfully established from Victoria/5.2.7.0
2022-03-13 11:34:20.315  INFO 23180 --- [XNIO-1 I/O-2] lavalink.server.io.SocketServer          : {"guildId":"176332401515954176","sessionId":"e02da764ffa7c82f7fcdf5328fb1b539","event":{"token":"66778841097e3a66","endpoint":"us-east9788.discord.media:443"},"op":"voiceUpdate"}
2022-03-13 11:35:01.612  INFO 23180 --- [XNIO-1 I/O-2] lavalink.server.io.SocketServer          : Connection closed from /127.0.0.1:57878 -- CloseStatus[code=1006, reason=]
2022-03-13 11:35:01.613  INFO 23180 --- [XNIO-1 I/O-2] lavalink.server.io.SocketContext         : Shutting down 0 playing players.
2022-03-13 11:35:06.888  INFO 23180 --- [XNIO-1 task-2] l.server.io.HandshakeInterceptorImpl     : Incoming connection from /127.0.0.1:56281
2022-03-13 11:35:06.890  INFO 23180 --- [XNIO-1 task-2] lavalink.server.io.SocketServer          : Connection successfully established from Victoria/5.2.7.0
2022-03-13 11:35:08.728  INFO 23180 --- [XNIO-1 I/O-13] lavalink.server.io.SocketServer          : {"guildId":"176332401515954176","sessionId":"96d30a32863dce307ec1e47435f413bd","event":{"token":"66778841097e3a66","endpoint":"us-east9788.discord.media:443"},"op":"voiceUpdate"}
2022-03-13 11:35:25.402  INFO 23180 --- [XNIO-1 I/O-13] lavalink.server.io.SocketServer          : Connection closed from /127.0.0.1:56281 -- CloseStatus[code=1006, reason=]
2022-03-13 11:35:25.403  INFO 23180 --- [XNIO-1 I/O-13] lavalink.server.io.SocketContext         : Shutting down 0 playing players.
2022-03-13 11:35:31.747  INFO 23180 --- [XNIO-1 task-3] l.server.io.HandshakeInterceptorImpl     : Incoming connection from /127.0.0.1:56285
2022-03-13 11:35:31.749  INFO 23180 --- [XNIO-1 task-3] lavalink.server.io.SocketServer          : Connection successfully established from Victoria/5.2.7.0
2022-03-13 11:35:42.153  INFO 23180 --- [XNIO-1 I/O-1] lavalink.server.io.SocketServer          : {"guildId":"176332401515954176","sessionId":"1e68072592a79e85ee7a0167ac2e8167","event":{"token":"66778841097e3a66","endpoint":"us-east9788.discord.media:443"},"op":"voiceUpdate"}
2022-03-13 11:36:00.540  INFO 23180 --- [XNIO-1 task-4] l.server.player.AudioLoaderRestHandler   : Got request to load for identifier "sounds/tts.mp3"
2022-03-13 11:36:00.542  INFO 23180 --- [lava-daemon-pool-info-loader-2-thread-1] lavalink.server.player.AudioLoader       : No matches found
2022-03-13 11:37:40.890  INFO 23180 --- [XNIO-1 I/O-1] lavalink.server.io.SocketServer          : Connection closed from /127.0.0.1:56285 -- CloseStatus[code=1006, reason=]
2022-03-13 11:37:40.890  INFO 23180 --- [XNIO-1 I/O-1] lavalink.server.io.SocketContext         : Shutting down 0 playing players.
2022-03-13 11:37:57.663  INFO 23180 --- [XNIO-1 task-6] l.server.io.HandshakeInterceptorImpl     : Incoming connection from /127.0.0.1:56325
2022-03-13 11:37:57.665  INFO 23180 --- [XNIO-1 task-6] lavalink.server.io.SocketServer          : Connection successfully established from Victoria/5.2.7.0
2022-03-13 11:38:00.157  INFO 23180 --- [XNIO-1 I/O-9] lavalink.server.io.SocketServer          : {"guildId":"176332401515954176","sessionId":"6fe0b7e514c5173aedb91cb2e65fb3db","event":{"token":"66778841097e3a66","endpoint":"us-east9788.discord.media:443"},"op":"voiceUpdate"}
2022-03-13 11:38:20.424  INFO 23180 --- [XNIO-1 task-7] l.server.player.AudioLoaderRestHandler   : Got request to load for identifier "lavalink/sounds/tts.mp3"
2022-03-13 11:38:20.425  INFO 23180 --- [lava-daemon-pool-info-loader-2-thread-1] lavalink.server.player.AudioLoader       : No matches found
2022-03-13 11:38:48.375  INFO 23180 --- [XNIO-1 task-9] l.server.player.AudioLoaderRestHandler   : Got request to load for identifier "sounds/homu.mp3"
2022-03-13 11:38:48.387  INFO 23180 --- [lava-daemon-pool-info-loader-2-thread-1] c.s.l.c.natives.NativeLibraryLoader      : Native library libmpg123-0: loading with filter com.sedmelluq.discord.lavaplayer.natives.ConnectorNativeLibLoader$$Lambda$596/0x00000008007b8440@3f4a9d97
2022-03-13 11:38:48.393  INFO 23180 --- [lava-daemon-pool-info-loader-2-thread-1] c.s.l.c.natives.NativeLibraryLoader      : Native library libmpg123-0: successfully loaded.
2022-03-13 11:38:48.393  INFO 23180 --- [lava-daemon-pool-info-loader-2-thread-1] c.s.l.c.natives.NativeLibraryLoader      : Native library connector: loading with filter null
2022-03-13 11:38:48.412  INFO 23180 --- [lava-daemon-pool-info-loader-2-thread-1] c.s.l.c.natives.NativeLibraryLoader      : Native library connector: successfully loaded.
2022-03-13 11:38:48.416  INFO 23180 --- [lava-daemon-pool-info-loader-2-thread-1] lavalink.server.player.AudioLoader       : Loaded track Unknown title
2022-03-13 11:38:48.693  INFO 23180 --- [XNIO-1 I/O-9] lavalink.server.io.SocketServer          : {"track":"QAAAYAIADVVua25vd24gdGl0bGUADlVua25vd24gYXJ0aXN0AAAAAAAAAqcAD3NvdW5kcy9ob211Lm1wMwABAA9zb3VuZHMvaG9tdS5tcDMABWxvY2FsAANtcDMAAAAAAAAAAA==","guildId":"176332401515954176","op":"play"}
2022-03-13 11:39:16.480  INFO 23180 --- [XNIO-1 task-11] l.server.player.AudioLoaderRestHandler   : Got request to load for identifier "lavalink/sounds/tts.mp3"
2022-03-13 11:39:16.480  INFO 23180 --- [lava-daemon-pool-info-loader-2-thread-1] lavalink.server.player.AudioLoader       : No matches found
2022-03-13 11:39:57.066  INFO 23180 --- [XNIO-1 I/O-9] lavalink.server.io.SocketServer          : Connection closed from /127.0.0.1:56325 -- CloseStatus[code=1006, reason=]
2022-03-13 11:39:57.067  INFO 23180 --- [XNIO-1 I/O-9] lavalink.server.io.SocketContext         : Shutting down 0 playing players.
2022-03-13 11:40:14.646  INFO 23180 --- [XNIO-1 task-13] l.server.io.HandshakeInterceptorImpl     : Incoming connection from /127.0.0.1:56344
2022-03-13 11:40:14.648  INFO 23180 --- [XNIO-1 task-13] lavalink.server.io.SocketServer          : Connection successfully established from Victoria/5.2.7.0
2022-03-13 11:40:16.942  INFO 23180 --- [XNIO-1 I/O-4] lavalink.server.io.SocketServer          : {"guildId":"176332401515954176","sessionId":"5f06f829a306e4a65fb6270e9a2e5017","event":{"token":"66778841097e3a66","endpoint":"us-east9788.discord.media:443"},"op":"voiceUpdate"}
2022-03-13 11:40:18.138  INFO 23180 --- [XNIO-1 task-14] l.server.player.AudioLoaderRestHandler   : Got request to load for identifier "sounds/tts.mp3"
2022-03-13 11:40:18.139  INFO 23180 --- [lava-daemon-pool-info-loader-2-thread-1] lavalink.server.player.AudioLoader       : Loaded track Unknown title
2022-03-13 11:40:18.429  INFO 23180 --- [XNIO-1 I/O-4] lavalink.server.io.SocketServer          : {"track":"QAAAXgIADVVua25vd24gdGl0bGUADlVua25vd24gYXJ0aXN0AAAAAAAABOAADnNvdW5kcy90dHMubXAzAAEADnNvdW5kcy90dHMubXAzAAVsb2NhbAADbXAzAAAAAAAAAAA=","guildId":"176332401515954176","op":"play"}
2022-03-13 11:40:30.358  INFO 23180 --- [XNIO-1 task-16] l.server.player.AudioLoaderRestHandler   : Got request to load for identifier "lavalink/sounds/tts.mp3"
2022-03-13 11:40:30.359  INFO 23180 --- [lava-daemon-pool-info-loader-2-thread-1] lavalink.server.player.AudioLoader       : No matches found
2022-03-13 11:40:40.203  INFO 23180 --- [XNIO-1 task-18] l.server.player.AudioLoaderRestHandler   : Got request to load for identifier "sounds/tts.mp3"
2022-03-13 11:40:40.204  INFO 23180 --- [lava-daemon-pool-info-loader-2-thread-1] lavalink.server.player.AudioLoader       : Loaded track Unknown title
2022-03-13 11:40:40.443  INFO 23180 --- [XNIO-1 I/O-4] lavalink.server.io.SocketServer          : {"track":"QAAAXgIADVVua25vd24gdGl0bGUADlVua25vd24gYXJ0aXN0AAAAAAAABUAADnNvdW5kcy90dHMubXAzAAEADnNvdW5kcy90dHMubXAzAAVsb2NhbAADbXAzAAAAAAAAAAA=","guildId":"176332401515954176","op":"play"}
2022-03-13 11:40:58.816  INFO 23180 --- [XNIO-1 I/O-4] lavalink.server.io.SocketServer          : Connection closed from /127.0.0.1:56344 -- CloseStatus[code=1006, reason=]
2022-03-13 11:40:58.817  INFO 23180 --- [XNIO-1 I/O-4] lavalink.server.io.SocketContext         : Shutting down 0 playing players.
2022-03-13 11:41:10.470  INFO 23180 --- [XNIO-1 task-20] l.server.io.HandshakeInterceptorImpl     : Incoming connection from /127.0.0.1:56359
2022-03-13 11:41:10.472  INFO 23180 --- [XNIO-1 task-20] lavalink.server.io.SocketServer          : Connection successfully established from Victoria/5.2.7.0
2022-03-13 11:41:12.764  INFO 23180 --- [XNIO-1 I/O-11] lavalink.server.io.SocketServer          : Connection closed from /127.0.0.1:56359 -- CloseStatus[code=1006, reason=]
2022-03-13 11:41:12.765  INFO 23180 --- [XNIO-1 I/O-11] lavalink.server.io.SocketContext         : Shutting down 0 playing players.
2022-03-13 11:41:18.855  INFO 23180 --- [XNIO-1 task-21] l.server.io.HandshakeInterceptorImpl     : Incoming connection from /127.0.0.1:56363
2022-03-13 11:41:18.857  INFO 23180 --- [XNIO-1 task-21] lavalink.server.io.SocketServer          : Connection successfully established from Victoria/5.2.7.0
2022-03-13 11:41:21.629  INFO 23180 --- [XNIO-1 I/O-15] lavalink.server.io.SocketServer          : {"guildId":"176332401515954176","sessionId":"7b7ebf177ee5ff943188a669119f8898","event":{"token":"66778841097e3a66","endpoint":"us-east9788.discord.media:443"},"op":"voiceUpdate"}
2022-03-13 11:41:30.465  INFO 23180 --- [XNIO-1 task-22] l.server.player.AudioLoaderRestHandler   : Got request to load for identifier "lavalink/sounds/tts.mp3"
2022-03-13 11:41:30.466  INFO 23180 --- [lava-daemon-pool-info-loader-2-thread-1] lavalink.server.player.AudioLoader       : No matches found
2022-03-13 11:41:34.315  INFO 23180 --- [XNIO-1 task-24] l.server.player.AudioLoaderRestHandler   : Got request to load for identifier "sounds/tts.mp3"
2022-03-13 11:41:34.316  INFO 23180 --- [lava-daemon-pool-info-loader-2-thread-1] lavalink.server.player.AudioLoader       : Loaded track Unknown title
2022-03-13 11:41:34.587  INFO 23180 --- [XNIO-1 I/O-15] lavalink.server.io.SocketServer          : {"track":"QAAAXgIADVVua25vd24gdGl0bGUADlVua25vd24gYXJ0aXN0AAAAAAAABUAADnNvdW5kcy90dHMubXAzAAEADnNvdW5kcy90dHMubXAzAAVsb2NhbAADbXAzAAAAAAAAAAA=","guildId":"176332401515954176","op":"play"}
2022-03-13 11:41:50.225  INFO 23180 --- [XNIO-1 I/O-15] lavalink.server.io.SocketServer          : Connection closed from /127.0.0.1:56363 -- CloseStatus[code=1006, reason=]
2022-03-13 11:41:50.225  INFO 23180 --- [XNIO-1 I/O-15] lavalink.server.io.SocketContext         : Shutting down 0 playing players.
2022-03-13 11:46:16.069  INFO 23180 --- [XNIO-1 task-26] l.server.io.HandshakeInterceptorImpl     : Incoming connection from /127.0.0.1:56392
2022-03-13 11:46:16.071  INFO 23180 --- [XNIO-1 task-26] lavalink.server.io.SocketServer          : Connection successfully established from Victoria/5.2.7.0
2022-03-13 11:46:19.918  INFO 23180 --- [XNIO-1 I/O-4] lavalink.server.io.SocketServer          : {"guildId":"176332401515954176","sessionId":"c97d1404fd776147e5526cc9a5a235b9","event":{"token":"de715749c2217a59","endpoint":"us-east9788.discord.media:443"},"op":"voiceUpdate"}
2022-03-13 11:46:23.359  INFO 23180 --- [XNIO-1 task-27] l.server.player.AudioLoaderRestHandler   : Got request to load for identifier "lavalink/sounds/tts.mp3"
2022-03-13 11:46:23.359  INFO 23180 --- [lava-daemon-pool-info-loader-2-thread-1] lavalink.server.player.AudioLoader       : No matches found
2022-03-13 11:46:36.359  INFO 23180 --- [XNIO-1 task-29] l.server.player.AudioLoaderRestHandler   : Got request to load for identifier "sounds/tts.mp3"
2022-03-13 11:46:36.360  INFO 23180 --- [lava-daemon-pool-info-loader-2-thread-1] lavalink.server.player.AudioLoader       : Loaded track Unknown title
2022-03-13 11:46:36.580  INFO 23180 --- [XNIO-1 I/O-4] lavalink.server.io.SocketServer          : {"track":"QAAAXgIADVVua25vd24gdGl0bGUADlVua25vd24gYXJ0aXN0AAAAAAAACBAADnNvdW5kcy90dHMubXAzAAEADnNvdW5kcy90dHMubXAzAAVsb2NhbAADbXAzAAAAAAAAAAA=","guildId":"176332401515954176","op":"play"}
2022-03-13 11:47:28.533  INFO 23180 --- [XNIO-1 I/O-4] lavalink.server.io.SocketServer          : Connection closed from /127.0.0.1:56392 -- CloseStatus[code=1006, reason=]
2022-03-13 11:47:28.534  INFO 23180 --- [XNIO-1 I/O-4] lavalink.server.io.SocketContext         : Shutting down 0 playing players.
2022-03-13 11:47:31.903  INFO 23180 --- [XNIO-1 task-31] l.server.io.HandshakeInterceptorImpl     : Incoming connection from /127.0.0.1:56408
2022-03-13 11:47:31.904  INFO 23180 --- [XNIO-1 task-31] lavalink.server.io.SocketServer          : Connection successfully established from Victoria/5.2.7.0
2022-03-13 11:47:34.766  INFO 23180 --- [XNIO-1 I/O-4] lavalink.server.io.SocketServer          : {"guildId":"176332401515954176","sessionId":"ba4c159db7f3360495972da6f86cceab","event":{"token":"de715749c2217a59","endpoint":"us-east9788.discord.media:443"},"op":"voiceUpdate"}
2022-03-13 11:47:42.382  INFO 23180 --- [XNIO-1 task-32] l.server.player.AudioLoaderRestHandler   : Got request to load for identifier "sounds/tts.mp3"
2022-03-13 11:47:42.383  INFO 23180 --- [lava-daemon-pool-info-loader-2-thread-1] lavalink.server.player.AudioLoader       : Loaded track Unknown title
2022-03-13 11:47:42.678  INFO 23180 --- [XNIO-1 I/O-4] lavalink.server.io.SocketServer          : {"track":"QAAAXgIADVVua25vd24gdGl0bGUADlVua25vd24gYXJ0aXN0AAAAAAAACBAADnNvdW5kcy90dHMubXAzAAEADnNvdW5kcy90dHMubXAzAAVsb2NhbAADbXAzAAAAAAAAAAA=","guildId":"176332401515954176","op":"play"}
2022-03-13 11:47:51.430  INFO 23180 --- [XNIO-1 I/O-4] lavalink.server.io.SocketServer          : Connection closed from /127.0.0.1:56408 -- CloseStatus[code=1006, reason=]
2022-03-13 11:47:51.431  INFO 23180 --- [XNIO-1 I/O-4] lavalink.server.io.SocketContext         : Shutting down 0 playing players.
2022-03-13 11:48:26.651  INFO 23180 --- [XNIO-1 task-34] l.server.io.HandshakeInterceptorImpl     : Incoming connection from /127.0.0.1:56418
2022-03-13 11:48:26.653  INFO 23180 --- [XNIO-1 task-34] lavalink.server.io.SocketServer          : Connection successfully established from Victoria/5.2.7.0
2022-03-13 11:48:29.155  INFO 23180 --- [XNIO-1 I/O-14] lavalink.server.io.SocketServer          : {"guildId":"176332401515954176","sessionId":"31a5165a994dc9a9f8fb16b541fe8491","event":{"token":"de715749c2217a59","endpoint":"us-east9788.discord.media:443"},"op":"voiceUpdate"}
2022-03-13 11:48:35.437  INFO 23180 --- [XNIO-1 task-35] l.server.player.AudioLoaderRestHandler   : Got request to load for identifier "sounds/tts.mp3"
2022-03-13 11:48:35.439  INFO 23180 --- [lava-daemon-pool-info-loader-2-thread-1] lavalink.server.player.AudioLoader       : Loaded track Unknown title
2022-03-13 11:48:35.745  INFO 23180 --- [XNIO-1 I/O-14] lavalink.server.io.SocketServer          : {"track":"QAAAXgIADVVua25vd24gdGl0bGUADlVua25vd24gYXJ0aXN0AAAAAAAACEAADnNvdW5kcy90dHMubXAzAAEADnNvdW5kcy90dHMubXAzAAVsb2NhbAADbXAzAAAAAAAAAAA=","guildId":"176332401515954176","op":"play"}
2022-03-13 11:48:53.359  INFO 23180 --- [XNIO-1 task-37] l.server.player.AudioLoaderRestHandler   : Got request to load for identifier "sounds/tts.mp3"
2022-03-13 11:48:53.361  INFO 23180 --- [lava-daemon-pool-info-loader-2-thread-1] lavalink.server.player.AudioLoader       : Loaded track Unknown title
2022-03-13 11:48:53.706  INFO 23180 --- [XNIO-1 I/O-14] lavalink.server.io.SocketServer          : {"track":"QAAAXgIADVVua25vd24gdGl0bGUADlVua25vd24gYXJ0aXN0AAAAAAAACNAADnNvdW5kcy90dHMubXAzAAEADnNvdW5kcy90dHMubXAzAAVsb2NhbAADbXAzAAAAAAAAAAA=","guildId":"176332401515954176","op":"play"}
2022-03-13 11:49:05.857  INFO 23180 --- [XNIO-1 task-39] l.server.player.AudioLoaderRestHandler   : Got request to load for identifier "sounds/tts.mp3"
2022-03-13 11:49:05.860  INFO 23180 --- [lava-daemon-pool-info-loader-2-thread-1] lavalink.server.player.AudioLoader       : Loaded track Unknown title
2022-03-13 11:49:06.077  INFO 23180 --- [XNIO-1 I/O-14] lavalink.server.io.SocketServer          : {"track":"QAAAXgIADVVua25vd24gdGl0bGUADlVua25vd24gYXJ0aXN0AAAAAAAACxAADnNvdW5kcy90dHMubXAzAAEADnNvdW5kcy90dHMubXAzAAVsb2NhbAADbXAzAAAAAAAAAAA=","guildId":"176332401515954176","op":"play"}
2022-03-13 11:49:39.885  INFO 23180 --- [XNIO-1 I/O-14] lavalink.server.io.SocketServer          : Connection closed from /127.0.0.1:56418 -- CloseStatus[code=1006, reason=]
2022-03-13 11:49:39.886  INFO 23180 --- [XNIO-1 I/O-14] lavalink.server.io.SocketContext         : Shutting down 0 playing players.
2022-03-13 13:02:42.247  INFO 23180 --- [XNIO-1 task-41] l.server.io.HandshakeInterceptorImpl     : Incoming connection from /127.0.0.1:65080
2022-03-13 13:02:42.249  INFO 23180 --- [XNIO-1 task-41] lavalink.server.io.SocketServer          : Connection successfully established from Victoria/5.2.7.0
2022-03-13 13:03:19.586  INFO 23180 --- [XNIO-1 I/O-4] lavalink.server.io.SocketServer          : Connection closed from /127.0.0.1:65080 -- CloseStatus[code=1006, reason=]
2022-03-13 13:03:19.586  INFO 23180 --- [XNIO-1 I/O-4] lavalink.server.io.SocketContext         : Shutting down 0 playing players.
2022-03-13 13:06:46.624  INFO 29768 --- [main] lavalink.server.Launcher                 : 

[32m       .  [31m _                  _ _       _    [32m__ _ _
[32m      /\\ [31m| | __ ___   ____ _| (_)_ __ | | __[32m\ \ \ \
[32m     ( ( )[31m| |/ _` \ \ / / _` | | | '_ \| |/ /[32m \ \ \ \
[32m      \\/ [31m| | (_| |\ V / (_| | | | | | |   < [32m  ) ) ) )
[32m       '  [31m|_|\__,_| \_/ \__,_|_|_|_| |_|_|\_\[32m / / / /
[0m    =========================================[32m/_/_/_/[0m

	Version:        eec629def799086d30e7df25f03c398d64357783-SNAPSHOT
	Build:          1342
	Build time:     22.02.2022 11:17:22 UTC
	Branch          master
	Commit:         eec629d
	Commit time:    22.02.2022 11:14:41 UTC
	JVM:            11.0.12
	Lavaplayer      1.3.96-original

2022-03-13 13:06:46.680  INFO 29768 --- [main] lavalink.server.Launcher                 : Starting Launcher on DESKTOP-KRED602 with PID 29768 (D:\Users\Andrew\source\repos\discord-tts\DiscordTTS\bin\Debug\net6.0\lavalink\Lavalink.jar started by Andrew in D:\Users\Andrew\source\repos\discord-tts\DiscordTTS\bin\Debug\net6.0\lavalink)
2022-03-13 13:06:46.680  INFO 29768 --- [main] lavalink.server.Launcher                 : No active profile set, falling back to default profiles: default
2022-03-13 13:06:46.737  WARN 29768 --- [background-preinit] o.s.h.c.j.Jackson2ObjectMapperBuilder    : For Jackson Kotlin classes support please add "com.fasterxml.jackson.module:jackson-module-kotlin" to the classpath
2022-03-13 13:06:47.359  WARN 29768 --- [main] io.undertow.websockets.jsr               : UT026010: Buffer pool was not set on WebSocketDeploymentInfo, the default pool will be used
2022-03-13 13:06:47.372  INFO 29768 --- [main] io.undertow.servlet                      : Initializing Spring embedded WebApplicationContext
2022-03-13 13:06:47.373  INFO 29768 --- [main] o.s.web.context.ContextLoader            : Root WebApplicationContext: initialization completed in 668 ms
2022-03-13 13:06:47.584  WARN 29768 --- [main] l.server.config.SentryConfiguration      : Turning off sentry
2022-03-13 13:06:47.742  INFO 29768 --- [main] c.s.d.l.tools.GarbageCollectionMonitor   : GC monitoring enabled, reporting results every 2 minutes.
2022-03-13 13:06:47.843  INFO 29768 --- [main] lavalink.server.config.KoeConfiguration  : OS: Windows 10, Arch: amd64
2022-03-13 13:06:47.844  WARN 29768 --- [main] lavalink.server.config.KoeConfiguration  : This system and architecture appears to not support native audio sending! GC pauses may cause your bot to stutter during playback.
2022-03-13 13:06:47.958  INFO 29768 --- [main] o.s.s.concurrent.ThreadPoolTaskExecutor  : Initializing ExecutorService 'applicationTaskExecutor'
2022-03-13 13:06:48.142  INFO 29768 --- [main] org.xnio                                 : XNIO version 3.3.8.Final
2022-03-13 13:06:48.149  INFO 29768 --- [main] org.xnio.nio                             : XNIO NIO Implementation Version 3.3.8.Final
2022-03-13 13:06:48.189  INFO 29768 --- [main] o.s.b.w.e.u.UndertowServletWebServer     : Undertow started on port(s) 2333 (http) with context path ''
2022-03-13 13:06:48.191  INFO 29768 --- [main] lavalink.server.Launcher                 : Started Launcher in 1.865 seconds (JVM running for 2.178)
2022-03-13 13:06:48.193  INFO 29768 --- [main] lavalink.server.Launcher                 : You can safely ignore the big red warning about illegal reflection. See https://github.com/freyacodes/Lavalink/issues/295
2022-03-13 13:09:59.763  INFO 29768 --- [XNIO-1 task-1] io.undertow.servlet                      : Initializing Spring DispatcherServlet 'dispatcherServlet'
2022-03-13 13:09:59.764  INFO 29768 --- [XNIO-1 task-1] o.s.web.servlet.DispatcherServlet        : Initializing Servlet 'dispatcherServlet'
2022-03-13 13:09:59.768  INFO 29768 --- [XNIO-1 task-1] o.s.web.servlet.DispatcherServlet        : Completed initialization in 4 ms
2022-03-13 13:09:59.780  INFO 29768 --- [XNIO-1 task-1] l.server.io.HandshakeInterceptorImpl     : Incoming connection from /127.0.0.1:65230
2022-03-13 13:09:59.819  INFO 29768 --- [XNIO-1 task-1] lavalink.server.io.SocketServer          : Connection successfully established from Victoria/5.2.7.0
2022-03-13 13:10:01.379  INFO 29768 --- [XNIO-1 I/O-10] lavalink.server.io.SocketServer          : Connection closed from /127.0.0.1:65230 -- CloseStatus[code=1006, reason=]
2022-03-13 13:10:01.379  INFO 29768 --- [XNIO-1 I/O-10] lavalink.server.io.SocketContext         : Shutting down 0 playing players.
2022-03-13 13:11:35.129  INFO 29768 --- [XNIO-1 task-2] l.server.io.HandshakeInterceptorImpl     : Incoming connection from /127.0.0.1:65264
2022-03-13 13:11:35.132  INFO 29768 --- [XNIO-1 task-2] lavalink.server.io.SocketServer          : Connection successfully established from Victoria/5.2.7.0
2022-03-13 13:11:36.241  INFO 29768 --- [XNIO-1 I/O-12] lavalink.server.io.SocketServer          : Connection closed from /127.0.0.1:65264 -- CloseStatus[code=1006, reason=]
2022-03-13 13:11:36.242  INFO 29768 --- [XNIO-1 I/O-12] lavalink.server.io.SocketContext         : Shutting down 0 playing players.
2022-03-13 13:15:56.651  INFO 29768 --- [XNIO-1 task-3] l.server.io.HandshakeInterceptorImpl     : Incoming connection from /127.0.0.1:65308
2022-03-13 13:15:56.653  INFO 29768 --- [XNIO-1 task-3] lavalink.server.io.SocketServer          : Connection successfully established from Victoria/5.2.7.0
2022-03-13 13:16:01.503  INFO 29768 --- [XNIO-1 I/O-8] lavalink.server.io.SocketServer          : Connection closed from /127.0.0.1:65308 -- CloseStatus[code=1006, reason=]
2022-03-13 13:16:01.504  INFO 29768 --- [XNIO-1 I/O-8] lavalink.server.io.SocketContext         : Shutting down 0 playing players.
2022-03-13 13:16:53.454  INFO 29768 --- [XNIO-1 task-4] l.server.io.HandshakeInterceptorImpl     : Incoming connection from /127.0.0.1:65325
2022-03-13 13:16:53.456  INFO 29768 --- [XNIO-1 task-4] lavalink.server.io.SocketServer          : Connection successfully established from Victoria/5.2.7.0
2022-03-13 13:16:56.422  INFO 29768 --- [XNIO-1 I/O-1] lavalink.server.io.SocketServer          : Connection closed from /127.0.0.1:65325 -- CloseStatus[code=1006, reason=]
2022-03-13 13:16:56.422  INFO 29768 --- [XNIO-1 I/O-1] lavalink.server.io.SocketContext         : Shutting down 0 playing players.
2022-03-13 13:18:08.755  INFO 29768 --- [XNIO-1 task-5] l.server.io.HandshakeInterceptorImpl     : Incoming connection from /127.0.0.1:65340
2022-03-13 13:18:08.757  INFO 29768 --- [XNIO-1 task-5] lavalink.server.io.SocketServer          : Connection successfully established from Victoria/5.2.7.0
2022-03-13 13:18:12.716  INFO 29768 --- [XNIO-1 I/O-8] lavalink.server.io.SocketServer          : Connection closed from /127.0.0.1:65340 -- CloseStatus[code=1006, reason=]
2022-03-13 13:18:12.717  INFO 29768 --- [XNIO-1 I/O-8] lavalink.server.io.SocketContext         : Shutting down 0 playing players.
2022-03-13 13:18:35.366  INFO 29768 --- [XNIO-1 task-6] l.server.io.HandshakeInterceptorImpl     : Incoming connection from /127.0.0.1:65352
2022-03-13 13:18:35.368  INFO 29768 --- [XNIO-1 task-6] lavalink.server.io.SocketServer          : Connection successfully established from Victoria/5.2.7.0
2022-03-13 13:18:36.595  INFO 29768 --- [XNIO-1 I/O-4] lavalink.server.io.SocketServer          : Connection closed from /127.0.0.1:65352 -- CloseStatus[code=1006, reason=]
2022-03-13 13:18:36.595  INFO 29768 --- [XNIO-1 I/O-4] lavalink.server.io.SocketContext         : Shutting down 0 playing players.
2022-03-13 13:19:51.523  INFO 29768 --- [XNIO-1 task-7] l.server.io.HandshakeInterceptorImpl     : Incoming connection from /127.0.0.1:65373
2022-03-13 13:19:51.525  INFO 29768 --- [XNIO-1 task-7] lavalink.server.io.SocketServer          : Connection successfully established from Victoria/5.2.7.0
2022-03-13 13:20:27.480  INFO 29768 --- [XNIO-1 I/O-1] lavalink.server.io.SocketServer          : Connection closed from /127.0.0.1:65373 -- CloseStatus[code=1006, reason=]
2022-03-13 13:20:27.480  INFO 29768 --- [XNIO-1 I/O-1] lavalink.server.io.SocketContext         : Shutting down 0 playing players.
2022-03-13 13:29:26.838  INFO 29768 --- [XNIO-1 task-8] l.server.io.HandshakeInterceptorImpl     : Incoming connection from /127.0.0.1:65435
2022-03-13 13:29:26.841  INFO 29768 --- [XNIO-1 task-8] lavalink.server.io.SocketServer          : Connection successfully established from Victoria/5.2.7.0
2022-03-13 13:29:36.379  INFO 29768 --- [XNIO-1 I/O-15] lavalink.server.io.SocketServer          : Connection closed from /127.0.0.1:65435 -- CloseStatus[code=1006, reason=]
2022-03-13 13:29:36.380  INFO 29768 --- [XNIO-1 I/O-15] lavalink.server.io.SocketContext         : Shutting down 0 playing players.
2022-03-13 13:30:01.416  INFO 29768 --- [XNIO-1 task-9] l.server.io.HandshakeInterceptorImpl     : Incoming connection from /127.0.0.1:65440
2022-03-13 13:30:01.418  INFO 29768 --- [XNIO-1 task-9] lavalink.server.io.SocketServer          : Connection successfully established from Victoria/5.2.7.0
2022-03-13 13:30:20.051  INFO 29768 --- [XNIO-1 I/O-12] lavalink.server.io.SocketServer          : Connection closed from /127.0.0.1:65440 -- CloseStatus[code=1006, reason=]
2022-03-13 13:30:20.051  INFO 29768 --- [XNIO-1 I/O-12] lavalink.server.io.SocketContext         : Shutting down 0 playing players.
2022-03-13 13:31:20.596  INFO 29768 --- [XNIO-1 task-10] l.server.io.HandshakeInterceptorImpl     : Incoming connection from /127.0.0.1:65447
2022-03-13 13:31:20.598  INFO 29768 --- [XNIO-1 task-10] lavalink.server.io.SocketServer          : Connection successfully established from Victoria/5.2.7.0
2022-03-13 13:33:05.931  INFO 29768 --- [XNIO-1 I/O-11] lavalink.server.io.SocketServer          : Connection closed from /127.0.0.1:65447 -- CloseStatus[code=1006, reason=]
2022-03-13 13:33:05.931  INFO 29768 --- [XNIO-1 I/O-11] lavalink.server.io.SocketContext         : Shutting down 0 playing players.
2022-03-13 13:34:05.344  INFO 29768 --- [XNIO-1 task-11] l.server.io.HandshakeInterceptorImpl     : Incoming connection from /127.0.0.1:65481
2022-03-13 13:34:05.346  INFO 29768 --- [XNIO-1 task-11] lavalink.server.io.SocketServer          : Connection successfully established from Victoria/5.2.7.0
2022-03-13 13:34:06.241  INFO 29768 --- [XNIO-1 I/O-13] lavalink.server.io.SocketServer          : Connection closed from /127.0.0.1:65481 -- CloseStatus[code=1006, reason=]
2022-03-13 13:34:06.242  INFO 29768 --- [XNIO-1 I/O-13] lavalink.server.io.SocketContext         : Shutting down 0 playing players.
2022-03-13 13:50:53.409  INFO 29768 --- [XNIO-1 task-12] l.server.io.HandshakeInterceptorImpl     : Incoming connection from /127.0.0.1:49219
2022-03-13 13:50:53.411  INFO 29768 --- [XNIO-1 task-12] lavalink.server.io.SocketServer          : Connection successfully established from Victoria/5.2.7.0
2022-03-13 13:51:41.382  INFO 29768 --- [XNIO-1 I/O-7] lavalink.server.io.SocketServer          : Connection closed from /127.0.0.1:49219 -- CloseStatus[code=1006, reason=]
2022-03-13 13:51:41.383  INFO 29768 --- [XNIO-1 I/O-7] lavalink.server.io.SocketContext         : Shutting down 0 playing players.
2022-03-13 13:52:20.212  INFO 29768 --- [XNIO-1 task-13] l.server.io.HandshakeInterceptorImpl     : Incoming connection from /127.0.0.1:49234
2022-03-13 13:52:20.214  INFO 29768 --- [XNIO-1 task-13] lavalink.server.io.SocketServer          : Connection successfully established from Victoria/5.2.7.0
2022-03-13 13:53:02.110  INFO 29768 --- [XNIO-1 I/O-14] lavalink.server.io.SocketServer          : Connection closed from /127.0.0.1:49234 -- CloseStatus[code=1006, reason=]
2022-03-13 13:53:02.110  INFO 29768 --- [XNIO-1 I/O-14] lavalink.server.io.SocketContext         : Shutting down 0 playing players.
2022-03-13 13:53:43.591  INFO 7028 --- [main] lavalink.server.Launcher                 : 

[32m       .  [31m _                  _ _       _    [32m__ _ _
[32m      /\\ [31m| | __ ___   ____ _| (_)_ __ | | __[32m\ \ \ \
[32m     ( ( )[31m| |/ _` \ \ / / _` | | | '_ \| |/ /[32m \ \ \ \
[32m      \\/ [31m| | (_| |\ V / (_| | | | | | |   < [32m  ) ) ) )
[32m       '  [31m|_|\__,_| \_/ \__,_|_|_|_| |_|_|\_\[32m / / / /
[0m    =========================================[32m/_/_/_/[0m

	Version:        eec629def799086d30e7df25f03c398d64357783-SNAPSHOT
	Build:          1342
	Build time:     22.02.2022 11:17:22 UTC
	Branch          master
	Commit:         eec629d
	Commit time:    22.02.2022 11:14:41 UTC
	JVM:            11.0.12
	Lavaplayer      1.3.96-original

2022-03-13 13:53:43.650  INFO 7028 --- [main] lavalink.server.Launcher                 : Starting Launcher on DESKTOP-KRED602 with PID 7028 (D:\Users\Andrew\source\repos\discord-tts\DiscordTTS\bin\Debug\net6.0\lavalink\Lavalink.jar started by Andrew in D:\Users\Andrew\source\repos\discord-tts\DiscordTTS\bin\Debug\net6.0\lavalink)
2022-03-13 13:53:43.651  INFO 7028 --- [main] lavalink.server.Launcher                 : No active profile set, falling back to default profiles: default
2022-03-13 13:53:43.717  WARN 7028 --- [background-preinit] o.s.h.c.j.Jackson2ObjectMapperBuilder    : For Jackson Kotlin classes support please add "com.fasterxml.jackson.module:jackson-module-kotlin" to the classpath
2022-03-13 13:53:44.335  WARN 7028 --- [main] io.undertow.websockets.jsr               : UT026010: Buffer pool was not set on WebSocketDeploymentInfo, the default pool will be used
2022-03-13 13:53:44.348  INFO 7028 --- [main] io.undertow.servlet                      : Initializing Spring embedded WebApplicationContext
2022-03-13 13:53:44.348  INFO 7028 --- [main] o.s.web.context.ContextLoader            : Root WebApplicationContext: initialization completed in 673 ms
2022-03-13 13:53:44.565  WARN 7028 --- [main] l.server.config.SentryConfiguration      : Turning off sentry
2022-03-13 13:53:44.744  INFO 7028 --- [main] c.s.d.l.tools.GarbageCollectionMonitor   : GC monitoring enabled, reporting results every 2 minutes.
2022-03-13 13:53:44.881  INFO 7028 --- [main] lavalink.server.config.KoeConfiguration  : OS: Windows 10, Arch: amd64
2022-03-13 13:53:44.881  WARN 7028 --- [main] lavalink.server.config.KoeConfiguration  : This system and architecture appears to not support native audio sending! GC pauses may cause your bot to stutter during playback.
2022-03-13 13:53:45.020  INFO 7028 --- [main] o.s.s.concurrent.ThreadPoolTaskExecutor  : Initializing ExecutorService 'applicationTaskExecutor'
2022-03-13 13:53:45.225  INFO 7028 --- [main] org.xnio                                 : XNIO version 3.3.8.Final
2022-03-13 13:53:45.231  INFO 7028 --- [main] org.xnio.nio                             : XNIO NIO Implementation Version 3.3.8.Final
2022-03-13 13:53:45.264  INFO 7028 --- [main] o.s.b.w.e.u.UndertowServletWebServer     : Undertow started on port(s) 2333 (http) with context path ''
2022-03-13 13:53:45.266  INFO 7028 --- [main] lavalink.server.Launcher                 : Started Launcher in 1.954 seconds (JVM running for 2.25)
2022-03-13 13:53:45.268  INFO 7028 --- [main] lavalink.server.Launcher                 : You can safely ignore the big red warning about illegal reflection. See https://github.com/freyacodes/Lavalink/issues/295
2022-03-13 13:54:22.122  INFO 7028 --- [XNIO-1 task-1] io.undertow.servlet                      : Initializing Spring DispatcherServlet 'dispatcherServlet'
2022-03-13 13:54:22.123  INFO 7028 --- [XNIO-1 task-1] o.s.web.servlet.DispatcherServlet        : Initializing Servlet 'dispatcherServlet'
2022-03-13 13:54:22.127  INFO 7028 --- [XNIO-1 task-1] o.s.web.servlet.DispatcherServlet        : Completed initialization in 4 ms
2022-03-13 13:54:22.139  INFO 7028 --- [XNIO-1 task-1] l.server.io.HandshakeInterceptorImpl     : Incoming connection from /127.0.0.1:49373
2022-03-13 13:54:22.177  INFO 7028 --- [XNIO-1 task-1] lavalink.server.io.SocketServer          : Connection successfully established from Victoria/5.2.7.0
2022-03-13 13:54:54.215  INFO 7028 --- [XNIO-1 I/O-1] lavalink.server.io.SocketServer          : Connection closed from /127.0.0.1:49373 -- CloseStatus[code=1006, reason=]
2022-03-13 13:54:54.215  INFO 7028 --- [XNIO-1 I/O-1] lavalink.server.io.SocketContext         : Shutting down 0 playing players.
2022-03-13 13:55:03.444  INFO 7028 --- [XNIO-1 task-2] l.server.io.HandshakeInterceptorImpl     : Incoming connection from /127.0.0.1:49378
2022-03-13 13:55:03.446  INFO 7028 --- [XNIO-1 task-2] lavalink.server.io.SocketServer          : Connection successfully established from Victoria/5.2.7.0
2022-03-13 13:55:59.622  INFO 7028 --- [XNIO-1 I/O-14] lavalink.server.io.SocketServer          : Connection closed from /127.0.0.1:49378 -- CloseStatus[code=1006, reason=]
2022-03-13 13:55:59.622  INFO 7028 --- [XNIO-1 I/O-14] lavalink.server.io.SocketContext         : Shutting down 0 playing players.
2022-03-13 13:58:07.238  INFO 7028 --- [XNIO-1 task-3] l.server.io.HandshakeInterceptorImpl     : Incoming connection from /127.0.0.1:49720
2022-03-13 13:58:07.240  INFO 7028 --- [XNIO-1 task-3] lavalink.server.io.SocketServer          : Connection successfully established from Victoria/5.2.7.0
2022-03-13 14:00:20.068  INFO 7028 --- [XNIO-1 I/O-4] lavalink.server.io.SocketServer          : Connection closed from /127.0.0.1:49720 -- CloseStatus[code=1006, reason=]
2022-03-13 14:00:20.068  INFO 7028 --- [XNIO-1 I/O-4] lavalink.server.io.SocketContext         : Shutting down 0 playing players.
2022-03-13 14:02:05.595  INFO 7028 --- [XNIO-1 task-4] l.server.io.HandshakeInterceptorImpl     : Incoming connection from /127.0.0.1:49736
2022-03-13 14:02:05.597  INFO 7028 --- [XNIO-1 task-4] lavalink.server.io.SocketServer          : Connection successfully established from Victoria/5.2.7.0
2022-03-13 14:02:09.619  INFO 7028 --- [XNIO-1 I/O-4] lavalink.server.io.SocketServer          : {"guildId":"176332401515954176","sessionId":"71bcc57955a0ec87eadc406c326fa8c7","event":{"token":"662a14ca9624471b","endpoint":"us-east9788.discord.media:443"},"op":"voiceUpdate"}
2022-03-13 14:05:00.882  INFO 7028 --- [XNIO-1 I/O-4] lavalink.server.io.SocketServer          : Connection closed from /127.0.0.1:49736 -- CloseStatus[code=1006, reason=]
2022-03-13 14:05:00.882  INFO 7028 --- [XNIO-1 I/O-4] lavalink.server.io.SocketContext         : Shutting down 0 playing players.
2022-03-13 14:05:42.732  INFO 7028 --- [XNIO-1 task-5] l.server.io.HandshakeInterceptorImpl     : Incoming connection from /127.0.0.1:49760
2022-03-13 14:05:42.733  INFO 7028 --- [XNIO-1 task-5] lavalink.server.io.SocketServer          : Connection successfully established from Victoria/5.2.7.0
2022-03-13 14:05:49.861  INFO 7028 --- [XNIO-1 I/O-12] lavalink.server.io.SocketServer          : {"guildId":"176332401515954176","sessionId":"85d7033948bae2f11210db585de5d7d1","event":{"token":"662a14ca9624471b","endpoint":"us-east9788.discord.media:443"},"op":"voiceUpdate"}
2022-03-13 14:05:58.615  INFO 7028 --- [XNIO-1 I/O-12] lavalink.server.io.SocketServer          : Connection closed from /127.0.0.1:49760 -- CloseStatus[code=1006, reason=]
2022-03-13 14:05:58.616  INFO 7028 --- [XNIO-1 I/O-12] lavalink.server.io.SocketContext         : Shutting down 0 playing players.
2022-03-13 14:06:16.081  INFO 7028 --- [XNIO-1 task-6] l.server.io.HandshakeInterceptorImpl     : Incoming connection from /127.0.0.1:49766
2022-03-13 14:06:16.083  INFO 7028 --- [XNIO-1 task-6] lavalink.server.io.SocketServer          : Connection successfully established from Victoria/5.2.7.0
2022-03-13 14:06:27.561  INFO 7028 --- [XNIO-1 I/O-2] lavalink.server.io.SocketServer          : Connection closed from /127.0.0.1:49766 -- CloseStatus[code=1006, reason=]
2022-03-13 14:06:27.561  INFO 7028 --- [XNIO-1 I/O-2] lavalink.server.io.SocketContext         : Shutting down 0 playing players.
2022-03-13 14:06:47.209  INFO 7028 --- [XNIO-1 task-7] l.server.io.HandshakeInterceptorImpl     : Incoming connection from /127.0.0.1:49775
2022-03-13 14:06:47.211  INFO 7028 --- [XNIO-1 task-7] lavalink.server.io.SocketServer          : Connection successfully established from Victoria/5.2.7.0
2022-03-13 14:06:48.985  INFO 7028 --- [XNIO-1 I/O-3] lavalink.server.io.SocketServer          : {"guildId":"176332401515954176","sessionId":"068a170c4cfe80c275f9240d0eb3ad68","event":{"token":"662a14ca9624471b","endpoint":"us-east9788.discord.media:443"},"op":"voiceUpdate"}
2022-03-13 14:07:47.238  INFO 7028 --- [XNIO-1 I/O-3] lavalink.server.io.SocketServer          : Connection closed from /127.0.0.1:49775 -- CloseStatus[code=1006, reason=]
2022-03-13 14:07:47.239  INFO 7028 --- [XNIO-1 I/O-3] lavalink.server.io.SocketContext         : Shutting down 0 playing players.
2022-03-13 14:12:54.615  INFO 7028 --- [XNIO-1 task-8] l.server.io.HandshakeInterceptorImpl     : Incoming connection from /127.0.0.1:49843
2022-03-13 14:12:54.617  INFO 7028 --- [XNIO-1 task-8] lavalink.server.io.SocketServer          : Connection successfully established from Victoria/5.2.7.0
2022-03-13 14:12:57.761  INFO 7028 --- [XNIO-1 I/O-7] lavalink.server.io.SocketServer          : Connection closed from /127.0.0.1:49843 -- CloseStatus[code=1006, reason=]
2022-03-13 14:12:57.761  INFO 7028 --- [XNIO-1 I/O-7] lavalink.server.io.SocketContext         : Shutting down 0 playing players.
2022-03-13 14:21:25.032  INFO 7028 --- [XNIO-1 task-9] l.server.io.HandshakeInterceptorImpl     : Incoming connection from /127.0.0.1:64502
2022-03-13 14:21:25.034  INFO 7028 --- [XNIO-1 task-9] lavalink.server.io.SocketServer          : Connection successfully established from Victoria/5.2.7.0
2022-03-13 14:22:24.380  INFO 7028 --- [XNIO-1 I/O-2] lavalink.server.io.SocketServer          : {"guildId":"176332401515954176","sessionId":"0efe75ff678f035afb273b32983194ce","event":{"token":"ffa86765fe366c93","endpoint":"us-east9788.discord.media:443"},"op":"voiceUpdate"}
2022-03-13 14:22:35.281  INFO 7028 --- [XNIO-1 task-10] l.server.player.AudioLoaderRestHandler   : Got request to load for identifier "sounds/tts.mp3"
2022-03-13 14:22:35.288  INFO 7028 --- [lava-daemon-pool-info-loader-2-thread-1] c.s.l.c.natives.NativeLibraryLoader      : Native library libmpg123-0: loading with filter com.sedmelluq.discord.lavaplayer.natives.ConnectorNativeLibLoader$$Lambda$588/0x000000080079a840@7505c41
2022-03-13 14:22:35.294  INFO 7028 --- [lava-daemon-pool-info-loader-2-thread-1] c.s.l.c.natives.NativeLibraryLoader      : Native library libmpg123-0: successfully loaded.
2022-03-13 14:22:35.294  INFO 7028 --- [lava-daemon-pool-info-loader-2-thread-1] c.s.l.c.natives.NativeLibraryLoader      : Native library connector: loading with filter null
2022-03-13 14:22:35.313  INFO 7028 --- [lava-daemon-pool-info-loader-2-thread-1] c.s.l.c.natives.NativeLibraryLoader      : Native library connector: successfully loaded.
2022-03-13 14:22:35.317  INFO 7028 --- [lava-daemon-pool-info-loader-2-thread-1] lavalink.server.player.AudioLoader       : Loaded track Unknown title
2022-03-13 14:22:35.536  INFO 7028 --- [XNIO-1 I/O-2] lavalink.server.io.SocketServer          : {"track":"QAAAXgIADVVua25vd24gdGl0bGUADlVua25vd24gYXJ0aXN0AAAAAAAABRAADnNvdW5kcy90dHMubXAzAAEADnNvdW5kcy90dHMubXAzAAVsb2NhbAADbXAzAAAAAAAAAAA=","guildId":"176332401515954176","op":"play"}
2022-03-13 14:23:05.275  INFO 7028 --- [XNIO-1 I/O-2] lavalink.server.io.SocketServer          : Connection closed from /127.0.0.1:64502 -- CloseStatus[code=1006, reason=]
2022-03-13 14:23:05.276  INFO 7028 --- [XNIO-1 I/O-2] lavalink.server.io.SocketContext         : Shutting down 0 playing players.
2022-03-13 14:23:08.631  INFO 7028 --- [XNIO-1 task-12] l.server.io.HandshakeInterceptorImpl     : Incoming connection from /127.0.0.1:64517
2022-03-13 14:23:08.633  INFO 7028 --- [XNIO-1 task-12] lavalink.server.io.SocketServer          : Connection successfully established from Victoria/5.2.7.0
2022-03-13 14:23:17.468  INFO 7028 --- [XNIO-1 I/O-9] lavalink.server.io.SocketServer          : {"guildId":"176332401515954176","sessionId":"9bfb6432b5124d2bad4644e2656811f8","event":{"token":"ffa86765fe366c93","endpoint":"us-east9788.discord.media:443"},"op":"voiceUpdate"}
2022-03-13 14:23:20.960  INFO 7028 --- [XNIO-1 I/O-9] lavalink.server.io.SocketServer          : Connection closed from /127.0.0.1:64517 -- CloseStatus[code=1006, reason=]
2022-03-13 14:23:20.960  INFO 7028 --- [XNIO-1 I/O-9] lavalink.server.io.SocketContext         : Shutting down 0 playing players.
2022-03-13 14:39:19.470  INFO 7028 --- [XNIO-1 task-13] l.server.io.HandshakeInterceptorImpl     : Incoming connection from /127.0.0.1:64706
2022-03-13 14:39:19.472  INFO 7028 --- [XNIO-1 task-13] lavalink.server.io.SocketServer          : Connection successfully established from Victoria/5.2.7.0
2022-03-13 14:40:57.116  INFO 7028 --- [XNIO-1 I/O-14] lavalink.server.io.SocketServer          : Connection closed from /127.0.0.1:64706 -- CloseStatus[code=1006, reason=]
2022-03-13 14:40:57.117  INFO 7028 --- [XNIO-1 I/O-14] lavalink.server.io.SocketContext         : Shutting down 0 playing players.
2022-03-13 14:41:56.163  INFO 7028 --- [XNIO-1 task-14] l.server.io.HandshakeInterceptorImpl     : Incoming connection from /127.0.0.1:64723
2022-03-13 14:41:56.166  INFO 7028 --- [XNIO-1 task-14] lavalink.server.io.SocketServer          : Connection successfully established from Victoria/5.2.7.0
2022-03-13 14:42:17.581  INFO 7028 --- [XNIO-1 I/O-7] lavalink.server.io.SocketServer          : Connection closed from /127.0.0.1:64723 -- CloseStatus[code=1006, reason=]
2022-03-13 14:42:17.581  INFO 7028 --- [XNIO-1 I/O-7] lavalink.server.io.SocketContext         : Shutting down 0 playing players.
2022-03-13 14:43:16.898  INFO 7028 --- [XNIO-1 task-15] l.server.io.HandshakeInterceptorImpl     : Incoming connection from /127.0.0.1:64737
2022-03-13 14:43:16.901  INFO 7028 --- [XNIO-1 task-15] lavalink.server.io.SocketServer          : Connection successfully established from Victoria/5.2.7.0
2022-03-13 14:43:52.218  INFO 7028 --- [XNIO-1 I/O-5] lavalink.server.io.SocketServer          : Connection closed from /127.0.0.1:64737 -- CloseStatus[code=1006, reason=]
2022-03-13 14:43:52.218  INFO 7028 --- [XNIO-1 I/O-5] lavalink.server.io.SocketContext         : Shutting down 0 playing players.
2022-03-13 14:44:43.007  INFO 7028 --- [XNIO-1 task-16] l.server.io.HandshakeInterceptorImpl     : Incoming connection from /127.0.0.1:64742
2022-03-13 14:44:43.008  INFO 7028 --- [XNIO-1 task-16] lavalink.server.io.SocketServer          : Connection successfully established from Victoria/5.2.7.0
2022-03-13 14:46:32.851  INFO 7028 --- [XNIO-1 I/O-2] lavalink.server.io.SocketServer          : Connection closed from /127.0.0.1:64742 -- CloseStatus[code=1006, reason=]
2022-03-13 14:46:32.852  INFO 7028 --- [XNIO-1 I/O-2] lavalink.server.io.SocketContext         : Shutting down 0 playing players.
2022-03-13 14:48:29.986  INFO 7028 --- [XNIO-1 task-17] l.server.io.HandshakeInterceptorImpl     : Incoming connection from /127.0.0.1:65405
2022-03-13 14:48:29.988  INFO 7028 --- [XNIO-1 task-17] lavalink.server.io.SocketServer          : Connection successfully established from Victoria/5.2.7.0
2022-03-13 14:49:13.625  INFO 7028 --- [XNIO-1 I/O-1] lavalink.server.io.SocketServer          : Connection closed from /127.0.0.1:65405 -- CloseStatus[code=1006, reason=]
2022-03-13 14:49:13.625  INFO 7028 --- [XNIO-1 I/O-1] lavalink.server.io.SocketContext         : Shutting down 0 playing players.
2022-03-13 15:05:18.611  INFO 7028 --- [XNIO-1 task-18] l.server.io.HandshakeInterceptorImpl     : Incoming connection from /127.0.0.1:58328
2022-03-13 15:05:18.614  INFO 7028 --- [XNIO-1 task-18] lavalink.server.io.SocketServer          : Connection successfully established from Victoria/5.2.7.0
2022-03-13 15:06:05.952  INFO 7028 --- [XNIO-1 I/O-4] lavalink.server.io.SocketServer          : {"guildId":"176332401515954176","sessionId":"24f04b079144421e6c89de7874c5b56d","event":{"token":"f14abc21f69babe9","endpoint":"us-east9788.discord.media:443"},"op":"voiceUpdate"}
2022-03-13 15:07:47.797  INFO 7028 --- [XNIO-1 I/O-4] lavalink.server.io.SocketServer          : Connection closed from /127.0.0.1:58328 -- CloseStatus[code=1006, reason=]
2022-03-13 15:07:47.797  INFO 7028 --- [XNIO-1 I/O-4] lavalink.server.io.SocketContext         : Shutting down 0 playing players.
2022-03-13 15:24:23.115  INFO 7028 --- [XNIO-1 task-19] l.server.io.HandshakeInterceptorImpl     : Incoming connection from /127.0.0.1:58458
2022-03-13 15:24:23.118  INFO 7028 --- [XNIO-1 task-19] lavalink.server.io.SocketServer          : Connection successfully established from Victoria/5.2.7.0
2022-03-13 15:25:26.596  INFO 7028 --- [XNIO-1 I/O-6] lavalink.server.io.SocketServer          : {"guildId":"176332401515954176","sessionId":"948b9adfd56386726682e6d5b6028b3c","event":{"token":"77870e00810da088","endpoint":"us-east9788.discord.media:443"},"op":"voiceUpdate"}
2022-03-13 15:25:48.642  INFO 7028 --- [XNIO-1 I/O-6] lavalink.server.io.SocketServer          : Connection closed from /127.0.0.1:58458 -- CloseStatus[code=1006, reason=]
2022-03-13 15:25:48.643  INFO 7028 --- [XNIO-1 I/O-6] lavalink.server.io.SocketContext         : Shutting down 0 playing players.
2022-03-13 15:28:01.110  INFO 7028 --- [XNIO-1 task-20] l.server.io.HandshakeInterceptorImpl     : Incoming connection from /127.0.0.1:58480
2022-03-13 15:28:01.113  INFO 7028 --- [XNIO-1 task-20] lavalink.server.io.SocketServer          : Connection successfully established from Victoria/5.2.7.0
2022-03-13 15:28:24.395  INFO 7028 --- [XNIO-1 I/O-12] lavalink.server.io.SocketServer          : Connection closed from /127.0.0.1:58480 -- CloseStatus[code=1006, reason=]
2022-03-13 15:28:24.396  INFO 7028 --- [XNIO-1 I/O-12] lavalink.server.io.SocketContext         : Shutting down 0 playing players.
2022-03-13 15:29:00.258  INFO 7028 --- [XNIO-1 task-21] l.server.io.HandshakeInterceptorImpl     : Incoming connection from /127.0.0.1:58486
2022-03-13 15:29:00.260  INFO 7028 --- [XNIO-1 task-21] lavalink.server.io.SocketServer          : Connection successfully established from Victoria/5.2.7.0
2022-03-13 15:30:14.143  INFO 7028 --- [XNIO-1 I/O-2] lavalink.server.io.SocketServer          : Connection closed from /127.0.0.1:58486 -- CloseStatus[code=1006, reason=]
2022-03-13 15:30:14.144  INFO 7028 --- [XNIO-1 I/O-2] lavalink.server.io.SocketContext         : Shutting down 0 playing players.
2022-03-13 15:30:20.875  INFO 7028 --- [XNIO-1 task-22] l.server.io.HandshakeInterceptorImpl     : Incoming connection from /127.0.0.1:58492
2022-03-13 15:30:20.877  INFO 7028 --- [XNIO-1 task-22] lavalink.server.io.SocketServer          : Connection successfully established from Victoria/5.2.7.0
2022-03-13 15:30:46.751  INFO 7028 --- [XNIO-1 I/O-8] lavalink.server.io.SocketServer          : {"guildId":"176332401515954176","sessionId":"13b6dc4e01733ce0be8389e4cc10ff62","event":{"token":"51a8d750ea12ad16","endpoint":"us-east9788.discord.media:443"},"op":"voiceUpdate"}
2022-03-13 15:31:41.954  INFO 7028 --- [XNIO-1 I/O-8] lavalink.server.io.SocketServer          : Connection closed from /127.0.0.1:58492 -- CloseStatus[code=1006, reason=]
2022-03-13 15:31:41.955  INFO 7028 --- [XNIO-1 I/O-8] lavalink.server.io.SocketContext         : Shutting down 0 playing players.
2022-03-13 15:31:45.390  INFO 7028 --- [XNIO-1 task-23] l.server.io.HandshakeInterceptorImpl     : Incoming connection from /127.0.0.1:58503
2022-03-13 15:31:45.392  INFO 7028 --- [XNIO-1 task-23] lavalink.server.io.SocketServer          : Connection successfully established from Victoria/5.2.7.0
2022-03-13 15:31:54.712  INFO 7028 --- [XNIO-1 I/O-11] lavalink.server.io.SocketServer          : {"guildId":"176332401515954176","sessionId":"c5c211d92ff96b220bb317ca68f0f1e8","event":{"token":"51a8d750ea12ad16","endpoint":"us-east9788.discord.media:443"},"op":"voiceUpdate"}
2022-03-13 15:32:24.906  INFO 7028 --- [XNIO-1 I/O-11] lavalink.server.io.SocketServer          : Connection closed from /127.0.0.1:58503 -- CloseStatus[code=1006, reason=]
2022-03-13 15:32:24.906  INFO 7028 --- [XNIO-1 I/O-11] lavalink.server.io.SocketContext         : Shutting down 0 playing players.
2022-03-13 15:35:00.939  INFO 7028 --- [XNIO-1 task-24] l.server.io.HandshakeInterceptorImpl     : Incoming connection from /127.0.0.1:61201
2022-03-13 15:35:00.941  INFO 7028 --- [XNIO-1 task-24] lavalink.server.io.SocketServer          : Connection successfully established from Victoria/5.2.7.0
2022-03-13 15:35:02.530  INFO 7028 --- [XNIO-1 I/O-5] lavalink.server.io.SocketServer          : {"guildId":"176332401515954176","sessionId":"e32a8e78ed4014258736c45395a10f71","event":{"token":"52e932ee68da0d06","endpoint":"us-east9788.discord.media:443"},"op":"voiceUpdate"}
2022-03-13 15:35:15.757  INFO 7028 --- [XNIO-1 task-25] l.server.player.AudioLoaderRestHandler   : Got request to load for identifier "sounds/tts.mp3"
2022-03-13 15:35:15.759  INFO 7028 --- [lava-daemon-pool-info-loader-2-thread-1] lavalink.server.player.AudioLoader       : Loaded track Unknown title
2022-03-13 15:35:33.235  INFO 7028 --- [XNIO-1 I/O-5] lavalink.server.io.SocketServer          : Connection closed from /127.0.0.1:61201 -- CloseStatus[code=1006, reason=]
2022-03-13 15:35:33.235  INFO 7028 --- [XNIO-1 I/O-5] lavalink.server.io.SocketContext         : Shutting down 0 playing players.
2022-03-13 15:35:36.520  INFO 7028 --- [XNIO-1 task-27] l.server.io.HandshakeInterceptorImpl     : Incoming connection from /127.0.0.1:61211
2022-03-13 15:35:36.522  INFO 7028 --- [XNIO-1 task-27] lavalink.server.io.SocketServer          : Connection successfully established from Victoria/5.2.7.0
2022-03-13 15:35:37.484  INFO 7028 --- [XNIO-1 I/O-15] lavalink.server.io.SocketServer          : {"guildId":"176332401515954176","sessionId":"e3451c9501c4a193f350108a663d3fb5","event":{"token":"52e932ee68da0d06","endpoint":"us-east9788.discord.media:443"},"op":"voiceUpdate"}
2022-03-13 15:35:46.556  INFO 7028 --- [XNIO-1 task-28] l.server.player.AudioLoaderRestHandler   : Got request to load for identifier "sounds/tts.mp3"
2022-03-13 15:35:46.556  INFO 7028 --- [lava-daemon-pool-info-loader-2-thread-1] lavalink.server.player.AudioLoader       : Loaded track Unknown title
2022-03-13 15:35:57.115  INFO 7028 --- [XNIO-1 I/O-15] lavalink.server.io.SocketServer          : Connection closed from /127.0.0.1:61211 -- CloseStatus[code=1006, reason=]
2022-03-13 15:35:57.115  INFO 7028 --- [XNIO-1 I/O-15] lavalink.server.io.SocketContext         : Shutting down 0 playing players.
2022-03-13 15:36:01.944  INFO 7028 --- [XNIO-1 task-30] l.server.io.HandshakeInterceptorImpl     : Incoming connection from /127.0.0.1:61222
2022-03-13 15:36:01.946  INFO 7028 --- [XNIO-1 task-30] lavalink.server.io.SocketServer          : Connection successfully established from Victoria/5.2.7.0
2022-03-13 15:36:06.009  INFO 7028 --- [XNIO-1 I/O-2] lavalink.server.io.SocketServer          : {"guildId":"176332401515954176","sessionId":"603513e66f634acc7990f6205995d0cf","event":{"token":"52e932ee68da0d06","endpoint":"us-east9788.discord.media:443"},"op":"voiceUpdate"}
2022-03-13 15:36:12.703  INFO 7028 --- [XNIO-1 task-31] l.server.player.AudioLoaderRestHandler   : Got request to load for identifier "sounds/tts.mp3"
2022-03-13 15:36:12.704  INFO 7028 --- [lava-daemon-pool-info-loader-2-thread-1] lavalink.server.player.AudioLoader       : Loaded track Unknown title
2022-03-13 15:36:12.724  INFO 7028 --- [XNIO-1 I/O-2] lavalink.server.io.SocketServer          : {"track":"QAAAXgIADVVua25vd24gdGl0bGUADlVua25vd24gYXJ0aXN0AAAAAAAABmAADnNvdW5kcy90dHMubXAzAAEADnNvdW5kcy90dHMubXAzAAVsb2NhbAADbXAzAAAAAAAAAAA=","guildId":"176332401515954176","op":"play"}
2022-03-13 15:36:18.183  INFO 7028 --- [XNIO-1 task-33] l.server.player.AudioLoaderRestHandler   : Got request to load for identifier "sounds/tts.mp3"
2022-03-13 15:36:18.186  INFO 7028 --- [lava-daemon-pool-info-loader-2-thread-1] lavalink.server.player.AudioLoader       : Loaded track Unknown title
2022-03-13 15:36:18.188  INFO 7028 --- [XNIO-1 I/O-2] lavalink.server.io.SocketServer          : {"track":"QAAAXgIADVVua25vd24gdGl0bGUADlVua25vd24gYXJ0aXN0AAAAAAAAB\u002BAADnNvdW5kcy90dHMubXAzAAEADnNvdW5kcy90dHMubXAzAAVsb2NhbAADbXAzAAAAAAAAAAA=","guildId":"176332401515954176","op":"play"}
2022-03-13 15:36:21.489  INFO 7028 --- [XNIO-1 task-35] l.server.player.AudioLoaderRestHandler   : Got request to load for identifier "sounds/tts.mp3"
2022-03-13 15:36:21.491  INFO 7028 --- [lava-daemon-pool-info-loader-2-thread-1] lavalink.server.player.AudioLoader       : Loaded track Unknown title
2022-03-13 15:36:21.493  INFO 7028 --- [XNIO-1 I/O-2] lavalink.server.io.SocketServer          : {"track":"QAAAXgIADVVua25vd24gdGl0bGUADlVua25vd24gYXJ0aXN0AAAAAAAACZAADnNvdW5kcy90dHMubXAzAAEADnNvdW5kcy90dHMubXAzAAVsb2NhbAADbXAzAAAAAAAAAAA=","guildId":"176332401515954176","op":"play"}
2022-03-13 15:36:29.141  INFO 7028 --- [XNIO-1 task-37] l.server.player.AudioLoaderRestHandler   : Got request to load for identifier "sounds/tts.mp3"
2022-03-13 15:36:29.144  INFO 7028 --- [lava-daemon-pool-info-loader-2-thread-1] lavalink.server.player.AudioLoader       : Loaded track Unknown title
2022-03-13 15:36:29.146  INFO 7028 --- [XNIO-1 I/O-2] lavalink.server.io.SocketServer          : {"track":"QAAAXgIADVVua25vd24gdGl0bGUADlVua25vd24gYXJ0aXN0AAAAAAAADtAADnNvdW5kcy90dHMubXAzAAEADnNvdW5kcy90dHMubXAzAAVsb2NhbAADbXAzAAAAAAAAAAA=","guildId":"176332401515954176","op":"play"}
2022-03-13 15:36:33.166  INFO 7028 --- [XNIO-1 task-39] l.server.player.AudioLoaderRestHandler   : Got request to load for identifier "sounds/tts.mp3"
2022-03-13 15:36:33.169  INFO 7028 --- [lava-daemon-pool-info-loader-2-thread-1] lavalink.server.player.AudioLoader       : Loaded track Unknown title
2022-03-13 15:36:33.171  INFO 7028 --- [XNIO-1 I/O-2] lavalink.server.io.SocketServer          : {"track":"QAAAXgIADVVua25vd24gdGl0bGUADlVua25vd24gYXJ0aXN0AAAAAAAACBAADnNvdW5kcy90dHMubXAzAAEADnNvdW5kcy90dHMubXAzAAVsb2NhbAADbXAzAAAAAAAAAAA=","guildId":"176332401515954176","op":"play"}
2022-03-13 15:36:36.323  INFO 7028 --- [XNIO-1 task-41] l.server.player.AudioLoaderRestHandler   : Got request to load for identifier "sounds/tts.mp3"
2022-03-13 15:36:36.326  INFO 7028 --- [lava-daemon-pool-info-loader-2-thread-1] lavalink.server.player.AudioLoader       : Loaded track Unknown title
2022-03-13 15:36:36.328  INFO 7028 --- [XNIO-1 I/O-2] lavalink.server.io.SocketServer          : {"track":"QAAAXgIADVVua25vd24gdGl0bGUADlVua25vd24gYXJ0aXN0AAAAAAAADSAADnNvdW5kcy90dHMubXAzAAEADnNvdW5kcy90dHMubXAzAAVsb2NhbAADbXAzAAAAAAAAAAA=","guildId":"176332401515954176","op":"play"}
2022-03-13 15:37:04.736  INFO 7028 --- [XNIO-1 I/O-2] lavalink.server.io.SocketServer          : Connection closed from /127.0.0.1:61222 -- CloseStatus[code=1006, reason=]
2022-03-13 15:37:04.736  INFO 7028 --- [XNIO-1 I/O-2] lavalink.server.io.SocketContext         : Shutting down 0 playing players.
2022-03-13 15:48:08.774  INFO 7028 --- [XNIO-1 task-43] l.server.io.HandshakeInterceptorImpl     : Incoming connection from /127.0.0.1:62682
2022-03-13 15:48:08.778  INFO 7028 --- [XNIO-1 task-43] lavalink.server.io.SocketServer          : Connection successfully established from Victoria/5.2.7.0
2022-03-13 15:48:12.757  INFO 7028 --- [XNIO-1 I/O-6] lavalink.server.io.SocketServer          : {"guildId":"176332401515954176","sessionId":"a9250cdde521803b8e6dd0a69bd5ceeb","event":{"token":"1df2c7df7986caf0","endpoint":"us-east9788.discord.media:443"},"op":"voiceUpdate"}
2022-03-13 15:48:29.384  INFO 7028 --- [XNIO-1 task-44] l.server.player.AudioLoaderRestHandler   : Got request to load for identifier "sounds/tts.mp3"
2022-03-13 15:48:29.385  INFO 7028 --- [lava-daemon-pool-info-loader-2-thread-1] lavalink.server.player.AudioLoader       : Loaded track Unknown title
2022-03-13 15:48:29.406  INFO 7028 --- [XNIO-1 I/O-6] lavalink.server.io.SocketServer          : {"track":"QAAAXgIADVVua25vd24gdGl0bGUADlVua25vd24gYXJ0aXN0AAAAAAAAByAADnNvdW5kcy90dHMubXAzAAEADnNvdW5kcy90dHMubXAzAAVsb2NhbAADbXAzAAAAAAAAAAA=","guildId":"176332401515954176","op":"play"}
2022-03-13 15:49:01.751  INFO 7028 --- [XNIO-1 task-46] l.server.player.AudioLoaderRestHandler   : Got request to load for identifier "sounds/tts.mp3"
2022-03-13 15:49:01.754  INFO 7028 --- [lava-daemon-pool-info-loader-2-thread-1] lavalink.server.player.AudioLoader       : Loaded track Unknown title
2022-03-13 15:49:01.757  INFO 7028 --- [XNIO-1 I/O-6] lavalink.server.io.SocketServer          : {"track":"QAAAXgIADVVua25vd24gdGl0bGUADlVua25vd24gYXJ0aXN0AAAAAAAACBAADnNvdW5kcy90dHMubXAzAAEADnNvdW5kcy90dHMubXAzAAVsb2NhbAADbXAzAAAAAAAAAAA=","guildId":"176332401515954176","op":"play"}
2022-03-13 15:49:04.850  INFO 7028 --- [XNIO-1 task-48] l.server.player.AudioLoaderRestHandler   : Got request to load for identifier "sounds/tts.mp3"
2022-03-13 15:49:04.852  INFO 7028 --- [lava-daemon-pool-info-loader-2-thread-1] lavalink.server.player.AudioLoader       : Loaded track Unknown title
2022-03-13 15:49:04.854  INFO 7028 --- [XNIO-1 I/O-6] lavalink.server.io.SocketServer          : {"track":"QAAAXgIADVVua25vd24gdGl0bGUADlVua25vd24gYXJ0aXN0AAAAAAAABpAADnNvdW5kcy90dHMubXAzAAEADnNvdW5kcy90dHMubXAzAAVsb2NhbAADbXAzAAAAAAAAAAA=","guildId":"176332401515954176","op":"play"}
2022-03-13 16:04:03.793  INFO 7028 --- [XNIO-1 task-50] l.server.player.AudioLoaderRestHandler   : Got request to load for identifier "sounds/tts.mp3"
2022-03-13 16:04:03.794  INFO 7028 --- [lava-daemon-pool-info-loader-2-thread-1] lavalink.server.player.AudioLoader       : Loaded track Unknown title
2022-03-13 16:04:03.796  INFO 7028 --- [XNIO-1 I/O-6] lavalink.server.io.SocketServer          : {"track":"QAAAXgIADVVua25vd24gdGl0bGUADlVua25vd24gYXJ0aXN0AAAAAAAAGAAADnNvdW5kcy90dHMubXAzAAEADnNvdW5kcy90dHMubXAzAAVsb2NhbAADbXAzAAAAAAAAAAA=","guildId":"176332401515954176","op":"play"}
2022-03-13 16:07:27.689  INFO 7028 --- [XNIO-1 task-52] l.server.player.AudioLoaderRestHandler   : Got request to load for identifier "sounds/tts.mp3"
2022-03-13 16:07:27.690  INFO 7028 --- [lava-daemon-pool-info-loader-2-thread-1] lavalink.server.player.AudioLoader       : Loaded track Unknown title
2022-03-13 16:07:27.692  INFO 7028 --- [XNIO-1 I/O-6] lavalink.server.io.SocketServer          : {"track":"QAAAXgIADVVua25vd24gdGl0bGUADlVua25vd24gYXJ0aXN0AAAAAAAACHAADnNvdW5kcy90dHMubXAzAAEADnNvdW5kcy90dHMubXAzAAVsb2NhbAADbXAzAAAAAAAAAAA=","guildId":"176332401515954176","op":"play"}
2022-03-13 16:09:59.286  INFO 7028 --- [XNIO-1 task-54] l.server.player.AudioLoaderRestHandler   : Got request to load for identifier "sounds/tts.mp3"
2022-03-13 16:09:59.287  INFO 7028 --- [lava-daemon-pool-info-loader-2-thread-1] lavalink.server.player.AudioLoader       : Loaded track Unknown title
2022-03-13 16:09:59.289  INFO 7028 --- [XNIO-1 I/O-6] lavalink.server.io.SocketServer          : {"track":"QAAAXgIADVVua25vd24gdGl0bGUADlVua25vd24gYXJ0aXN0AAAAAAAABgAADnNvdW5kcy90dHMubXAzAAEADnNvdW5kcy90dHMubXAzAAVsb2NhbAADbXAzAAAAAAAAAAA=","guildId":"176332401515954176","op":"play"}
2022-03-13 16:10:02.316  INFO 7028 --- [XNIO-1 task-56] l.server.player.AudioLoaderRestHandler   : Got request to load for identifier "sounds/tts.mp3"
2022-03-13 16:10:02.319  INFO 7028 --- [lava-daemon-pool-info-loader-2-thread-1] lavalink.server.player.AudioLoader       : Loaded track Unknown title
2022-03-13 16:10:02.321  INFO 7028 --- [XNIO-1 I/O-6] lavalink.server.io.SocketServer          : {"track":"QAAAXgIADVVua25vd24gdGl0bGUADlVua25vd24gYXJ0aXN0AAAAAAAACNAADnNvdW5kcy90dHMubXAzAAEADnNvdW5kcy90dHMubXAzAAVsb2NhbAADbXAzAAAAAAAAAAA=","guildId":"176332401515954176","op":"play"}
2022-03-13 16:22:02.594  INFO 7028 --- [XNIO-1 task-58] l.server.player.AudioLoaderRestHandler   : Got request to load for identifier "sounds/tts.mp3"
2022-03-13 16:22:02.595  INFO 7028 --- [lava-daemon-pool-info-loader-2-thread-1] lavalink.server.player.AudioLoader       : Loaded track Unknown title
2022-03-13 16:22:02.597  INFO 7028 --- [XNIO-1 I/O-6] lavalink.server.io.SocketServer          : {"track":"QAAAXgIADVVua25vd24gdGl0bGUADlVua25vd24gYXJ0aXN0AAAAAAAANjAADnNvdW5kcy90dHMubXAzAAEADnNvdW5kcy90dHMubXAzAAVsb2NhbAADbXAzAAAAAAAAAAA=","guildId":"176332401515954176","op":"play"}
2022-03-13 16:22:21.383  INFO 7028 --- [XNIO-1 task-60] l.server.player.AudioLoaderRestHandler   : Got request to load for identifier "sounds/tts.mp3"
2022-03-13 16:22:21.386  INFO 7028 --- [lava-daemon-pool-info-loader-2-thread-1] lavalink.server.player.AudioLoader       : Loaded track Unknown title
2022-03-13 16:22:21.388  INFO 7028 --- [XNIO-1 I/O-6] lavalink.server.io.SocketServer          : {"track":"QAAAXgIADVVua25vd24gdGl0bGUADlVua25vd24gYXJ0aXN0AAAAAAAAEdAADnNvdW5kcy90dHMubXAzAAEADnNvdW5kcy90dHMubXAzAAVsb2NhbAADbXAzAAAAAAAAAAA=","guildId":"176332401515954176","op":"play"}
2022-03-13 16:49:55.212  INFO 7028 --- [XNIO-1 task-62] l.server.player.AudioLoaderRestHandler   : Got request to load for identifier "sounds/tts.mp3"
2022-03-13 16:49:55.214  INFO 7028 --- [lava-daemon-pool-info-loader-2-thread-1] lavalink.server.player.AudioLoader       : Loaded track Unknown title
2022-03-13 16:49:55.216  INFO 7028 --- [XNIO-1 I/O-6] lavalink.server.io.SocketServer          : {"track":"QAAAXgIADVVua25vd24gdGl0bGUADlVua25vd24gYXJ0aXN0AAAAAAAAGbAADnNvdW5kcy90dHMubXAzAAEADnNvdW5kcy90dHMubXAzAAVsb2NhbAADbXAzAAAAAAAAAAA=","guildId":"176332401515954176","op":"play"}
2022-03-13 16:50:32.797  INFO 7028 --- [XNIO-1 task-64] l.server.player.AudioLoaderRestHandler   : Got request to load for identifier "sounds/tts.mp3"
2022-03-13 16:50:32.801  INFO 7028 --- [lava-daemon-pool-info-loader-2-thread-1] lavalink.server.player.AudioLoader       : Loaded track Unknown title
2022-03-13 16:50:32.804  INFO 7028 --- [XNIO-1 I/O-6] lavalink.server.io.SocketServer          : {"track":"QAAAXgIADVVua25vd24gdGl0bGUADlVua25vd24gYXJ0aXN0AAAAAAAAHdAADnNvdW5kcy90dHMubXAzAAEADnNvdW5kcy90dHMubXAzAAVsb2NhbAADbXAzAAAAAAAAAAA=","guildId":"176332401515954176","op":"play"}
2022-03-13 16:50:47.960  INFO 7028 --- [XNIO-1 task-66] l.server.player.AudioLoaderRestHandler   : Got request to load for identifier "sounds/tts.mp3"
2022-03-13 16:50:47.963  INFO 7028 --- [lava-daemon-pool-info-loader-2-thread-1] lavalink.server.player.AudioLoader       : Loaded track Unknown title
2022-03-13 16:50:47.967  INFO 7028 --- [XNIO-1 I/O-6] lavalink.server.io.SocketServer          : {"track":"QAAAXgIADVVua25vd24gdGl0bGUADlVua25vd24gYXJ0aXN0AAAAAAAAFEAADnNvdW5kcy90dHMubXAzAAEADnNvdW5kcy90dHMubXAzAAVsb2NhbAADbXAzAAAAAAAAAAA=","guildId":"176332401515954176","op":"play"}
